[0;34m=== 強化エラー監視システム開始 ===[0m

[0;33m[2025-06-30 00:16:10] 監視実行中...[0m
[0;34m=== システム状況 ===[0m
稼働Workers: 3/5
停滞Workers: 2/5
Worker詳細: Worker1:正常(12分前) Worker2:未起動 Worker3:正常(14分前) Worker4:未起動 Worker5:正常(18分前) 
エラー数(1時間):        8
エラー数(24時間):        8
Redis: 正常
PostgreSQL: 正常
CPU使用率: 18.37%
[0;31mアラート: HIGH - Worker停滞検出(2/5)[0m
[0;33m警告レベル対応実行中...[0m
📤 送信中: dentalsystem_multiagent:0.0 ← '【警告】エラー監視システム: 対応確認をお願いします。'
✅ 送信完了: [dentalsystem] boss1 に '【警告】エラー監視システム: 対応確認をお願いします。'
[0;33m次回チェック: 5分後[0m
停止: Ctrl+C

[0;33m[2025-06-30 00:21:14] 監視実行中...[0m
[0;34m=== システム状況 ===[0m
稼働Workers: 4/5
停滞Workers: 1/5
Worker詳細: Worker1:正常(17分前) Worker2:未起動 Worker3:正常(19分前) Worker4:正常(1分前) Worker5:正常(23分前) 
エラー数(1時間):        9
エラー数(24時間):        9
Redis: 正常
PostgreSQL: 正常
CPU使用率: 37.63%
[0;31mアラート: HIGH - エラー多発(/1時間)[0m
[0;33m警告レベル対応実行中...[0m
📤 送信中: dentalsystem_multiagent:0.0 ← '【警告】エラー監視システム: 対応確認をお願いします。'
✅ 送信完了: [dentalsystem] boss1 に '【警告】エラー監視システム: 対応確認をお願いします。'
[0;33m次回チェック: 5分後[0m
停止: Ctrl+C

[0;33m[2025-06-30 00:26:18] 監視実行中...[0m
[0;34m=== システム状況 ===[0m
稼働Workers: 0/5
停滞Workers: 5/5
Worker詳細: Worker1:未起動 Worker2:未起動 Worker3:未起動 Worker4:未起動 Worker5:未起動 
エラー数(1時間):        9
エラー数(24時間):        9
Redis: 正常
PostgreSQL: 正常
CPU使用率: 17.71%
[0;31mアラート: CRITICAL - Worker大量停滞(5/5)[0m
[0;31m緊急対応実行中...[0m
=== 緊急Worker再起動実行 ===
プロジェクト: dentalsystem
実行時刻: 2025-06-30 00:26:20
Worker1: 停滞中
Worker2: 停滞中
Worker3: 停滞中
Worker4: 停滞中
Worker5: 停滞中
Worker1に緊急再指示送信中...
📤 送信中: dentalsystem_multiagent:0.1 ← '【緊急再起動】あなたはworker1です。エラー監視システムが停滞を検出しました。即座に以下を実行: 1) 現在の作業状況確認 2) 未完了作業の緊急完了 3) 完了ファイル作成 4) boss1への緊急報告'
✅ 送信完了: [dentalsystem] worker1 に '【緊急再起動】あなたはworker1です。エラー監視システムが停滞を検出しました。即座に以下を実行: 1) 現在の作業状況確認 2) 未完了作業の緊急完了 3) 完了ファイル作成 4) boss1への緊急報告'
Worker2に緊急再指示送信中...
📤 送信中: dentalsystem_multiagent:0.2 ← '【緊急再起動】あなたはworker2です。エラー監視システムが停滞を検出しました。即座に以下を実行: 1) 現在の作業状況確認 2) 未完了作業の緊急完了 3) 完了ファイル作成 4) boss1への緊急報告'
✅ 送信完了: [dentalsystem] worker2 に '【緊急再起動】あなたはworker2です。エラー監視システムが停滞を検出しました。即座に以下を実行: 1) 現在の作業状況確認 2) 未完了作業の緊急完了 3) 完了ファイル作成 4) boss1への緊急報告'
Worker3に緊急再指示送信中...
📤 送信中: dentalsystem_multiagent:0.3 ← '【緊急再起動】あなたはworker3です。エラー監視システムが停滞を検出しました。即座に以下を実行: 1) 現在の作業状況確認 2) 未完了作業の緊急完了 3) 完了ファイル作成 4) boss1への緊急報告'
✅ 送信完了: [dentalsystem] worker3 に '【緊急再起動】あなたはworker3です。エラー監視システムが停滞を検出しました。即座に以下を実行: 1) 現在の作業状況確認 2) 未完了作業の緊急完了 3) 完了ファイル作成 4) boss1への緊急報告'
Worker4に緊急再指示送信中...
📤 送信中: dentalsystem_multiagent:0.4 ← '【緊急再起動】あなたはworker4です。エラー監視システムが停滞を検出しました。即座に以下を実行: 1) 現在の作業状況確認 2) 未完了作業の緊急完了 3) 完了ファイル作成 4) boss1への緊急報告'
✅ 送信完了: [dentalsystem] worker4 に '【緊急再起動】あなたはworker4です。エラー監視システムが停滞を検出しました。即座に以下を実行: 1) 現在の作業状況確認 2) 未完了作業の緊急完了 3) 完了ファイル作成 4) boss1への緊急報告'
Worker5に緊急再指示送信中...
📤 送信中: dentalsystem_multiagent:0.5 ← '【緊急再起動】あなたはworker5です。エラー監視システムが停滞を検出しました。即座に以下を実行: 1) 現在の作業状況確認 2) 未完了作業の緊急完了 3) 完了ファイル作成 4) boss1への緊急報告'
✅ 送信完了: [dentalsystem] worker5 に '【緊急再起動】あなたはworker5です。エラー監視システムが停滞を検出しました。即座に以下を実行: 1) 現在の作業状況確認 2) 未完了作業の緊急完了 3) 完了ファイル作成 4) boss1への緊急報告'
📤 送信中: dentalsystem_multiagent:0.0 ← '【緊急報告】エラー監視システムが5名のWorker停滞を検出。緊急再指示を実施しました。停滞Workers: 1 2 3 4 5。即座にステータス確認と対応をお願いします。'
✅ 送信完了: [dentalsystem] boss1 に '【緊急報告】エラー監視システムが5名のWorker停滞を検出。緊急再指示を実施しました。停滞Workers: 1 2 3 4 5。即座にステータス確認と対応をお願いします。'
📤 送信中: dentalsystem_president ← '【緊急対応完了】エラー監視システム問題調査・対応完了。停滞Worker5名に緊急再指示実施。システム安定性確保のため継続監視中です。'
✅ 送信完了: [dentalsystem] president に '【緊急対応完了】エラー監視システム問題調査・対応完了。停滞Worker5名に緊急再指示実施。システム安定性確保のため継続監視中です。'
=== 緊急対応完了 ===
停滞Worker数: 5
再指示送信完了: Mon Jun 30 00:26:28 JST 2025
[0;33m次回チェック: 5分後[0m
停止: Ctrl+C

[0;33m[2025-06-30 00:31:28] 監視実行中...[0m
[0;34m=== システム状況 ===[0m
稼働Workers: 0/5
停滞Workers: 5/5
Worker詳細: Worker1:未起動 Worker2:未起動 Worker3:未起動 Worker4:未起動 Worker5:未起動 
エラー数(1時間):       10
エラー数(24時間):       10
Redis: 正常
PostgreSQL: 正常
CPU使用率: 20.43%
[0;31mアラート: CRITICAL - Worker大量停滞(5/5)[0m
[0;31m緊急対応実行中...[0m
=== 緊急Worker再起動実行 ===
プロジェクト: dentalsystem
実行時刻: 2025-06-30 00:31:30
Worker1: 停滞中
Worker2: 停滞中
Worker3: 停滞中
Worker4: 停滞中
Worker5: 停滞中
Worker1に緊急再指示送信中...
📤 送信中: dentalsystem_multiagent:0.1 ← '【緊急再起動】あなたはworker1です。エラー監視システムが停滞を検出しました。即座に以下を実行: 1) 現在の作業状況確認 2) 未完了作業の緊急完了 3) 完了ファイル作成 4) boss1への緊急報告'
✅ 送信完了: [dentalsystem] worker1 に '【緊急再起動】あなたはworker1です。エラー監視システムが停滞を検出しました。即座に以下を実行: 1) 現在の作業状況確認 2) 未完了作業の緊急完了 3) 完了ファイル作成 4) boss1への緊急報告'
Worker2に緊急再指示送信中...
📤 送信中: dentalsystem_multiagent:0.2 ← '【緊急再起動】あなたはworker2です。エラー監視システムが停滞を検出しました。即座に以下を実行: 1) 現在の作業状況確認 2) 未完了作業の緊急完了 3) 完了ファイル作成 4) boss1への緊急報告'
✅ 送信完了: [dentalsystem] worker2 に '【緊急再起動】あなたはworker2です。エラー監視システムが停滞を検出しました。即座に以下を実行: 1) 現在の作業状況確認 2) 未完了作業の緊急完了 3) 完了ファイル作成 4) boss1への緊急報告'
Worker3に緊急再指示送信中...
📤 送信中: dentalsystem_multiagent:0.3 ← '【緊急再起動】あなたはworker3です。エラー監視システムが停滞を検出しました。即座に以下を実行: 1) 現在の作業状況確認 2) 未完了作業の緊急完了 3) 完了ファイル作成 4) boss1への緊急報告'
✅ 送信完了: [dentalsystem] worker3 に '【緊急再起動】あなたはworker3です。エラー監視システムが停滞を検出しました。即座に以下を実行: 1) 現在の作業状況確認 2) 未完了作業の緊急完了 3) 完了ファイル作成 4) boss1への緊急報告'
Worker4に緊急再指示送信中...
📤 送信中: dentalsystem_multiagent:0.4 ← '【緊急再起動】あなたはworker4です。エラー監視システムが停滞を検出しました。即座に以下を実行: 1) 現在の作業状況確認 2) 未完了作業の緊急完了 3) 完了ファイル作成 4) boss1への緊急報告'
✅ 送信完了: [dentalsystem] worker4 に '【緊急再起動】あなたはworker4です。エラー監視システムが停滞を検出しました。即座に以下を実行: 1) 現在の作業状況確認 2) 未完了作業の緊急完了 3) 完了ファイル作成 4) boss1への緊急報告'
Worker5に緊急再指示送信中...
📤 送信中: dentalsystem_multiagent:0.5 ← '【緊急再起動】あなたはworker5です。エラー監視システムが停滞を検出しました。即座に以下を実行: 1) 現在の作業状況確認 2) 未完了作業の緊急完了 3) 完了ファイル作成 4) boss1への緊急報告'
✅ 送信完了: [dentalsystem] worker5 に '【緊急再起動】あなたはworker5です。エラー監視システムが停滞を検出しました。即座に以下を実行: 1) 現在の作業状況確認 2) 未完了作業の緊急完了 3) 完了ファイル作成 4) boss1への緊急報告'
📤 送信中: dentalsystem_multiagent:0.0 ← '【緊急報告】エラー監視システムが5名のWorker停滞を検出。緊急再指示を実施しました。停滞Workers: 1 2 3 4 5。即座にステータス確認と対応をお願いします。'
✅ 送信完了: [dentalsystem] boss1 に '【緊急報告】エラー監視システムが5名のWorker停滞を検出。緊急再指示を実施しました。停滞Workers: 1 2 3 4 5。即座にステータス確認と対応をお願いします。'
📤 送信中: dentalsystem_president ← '【緊急対応完了】エラー監視システム問題調査・対応完了。停滞Worker5名に緊急再指示実施。システム安定性確保のため継続監視中です。'
✅ 送信完了: [dentalsystem] president に '【緊急対応完了】エラー監視システム問題調査・対応完了。停滞Worker5名に緊急再指示実施。システム安定性確保のため継続監視中です。'
=== 緊急対応完了 ===
停滞Worker数: 5
再指示送信完了: Mon Jun 30 00:31:38 JST 2025
[0;33m次回チェック: 5分後[0m
停止: Ctrl+C

[0;33m[2025-06-30 00:36:38] 監視実行中...[0m
[0;34m=== システム状況 ===[0m
稼働Workers: 0/5
停滞Workers: 5/5
Worker詳細: Worker1:未起動 Worker2:未起動 Worker3:未起動 Worker4:未起動 Worker5:未起動 
エラー数(1時間):       11
エラー数(24時間):       11
Redis: 正常
PostgreSQL: 正常
CPU使用率: 9.87%
[0;31mアラート: CRITICAL - Worker大量停滞(5/5)[0m
[0;31m緊急対応実行中...[0m
=== 緊急Worker再起動実行 ===
プロジェクト: dentalsystem
実行時刻: 2025-06-30 00:36:41
Worker1: 停滞中
Worker2: 停滞中
Worker3: 停滞中
Worker4: 停滞中
Worker5: 停滞中
Worker1に緊急再指示送信中...
📤 送信中: dentalsystem_multiagent:0.1 ← '【緊急再起動】あなたはworker1です。エラー監視システムが停滞を検出しました。即座に以下を実行: 1) 現在の作業状況確認 2) 未完了作業の緊急完了 3) 完了ファイル作成 4) boss1への緊急報告'
✅ 送信完了: [dentalsystem] worker1 に '【緊急再起動】あなたはworker1です。エラー監視システムが停滞を検出しました。即座に以下を実行: 1) 現在の作業状況確認 2) 未完了作業の緊急完了 3) 完了ファイル作成 4) boss1への緊急報告'
Worker2に緊急再指示送信中...
📤 送信中: dentalsystem_multiagent:0.2 ← '【緊急再起動】あなたはworker2です。エラー監視システムが停滞を検出しました。即座に以下を実行: 1) 現在の作業状況確認 2) 未完了作業の緊急完了 3) 完了ファイル作成 4) boss1への緊急報告'
✅ 送信完了: [dentalsystem] worker2 に '【緊急再起動】あなたはworker2です。エラー監視システムが停滞を検出しました。即座に以下を実行: 1) 現在の作業状況確認 2) 未完了作業の緊急完了 3) 完了ファイル作成 4) boss1への緊急報告'
Worker3に緊急再指示送信中...
📤 送信中: dentalsystem_multiagent:0.3 ← '【緊急再起動】あなたはworker3です。エラー監視システムが停滞を検出しました。即座に以下を実行: 1) 現在の作業状況確認 2) 未完了作業の緊急完了 3) 完了ファイル作成 4) boss1への緊急報告'
✅ 送信完了: [dentalsystem] worker3 に '【緊急再起動】あなたはworker3です。エラー監視システムが停滞を検出しました。即座に以下を実行: 1) 現在の作業状況確認 2) 未完了作業の緊急完了 3) 完了ファイル作成 4) boss1への緊急報告'
Worker4に緊急再指示送信中...
📤 送信中: dentalsystem_multiagent:0.4 ← '【緊急再起動】あなたはworker4です。エラー監視システムが停滞を検出しました。即座に以下を実行: 1) 現在の作業状況確認 2) 未完了作業の緊急完了 3) 完了ファイル作成 4) boss1への緊急報告'
✅ 送信完了: [dentalsystem] worker4 に '【緊急再起動】あなたはworker4です。エラー監視システムが停滞を検出しました。即座に以下を実行: 1) 現在の作業状況確認 2) 未完了作業の緊急完了 3) 完了ファイル作成 4) boss1への緊急報告'
Worker5に緊急再指示送信中...
📤 送信中: dentalsystem_multiagent:0.5 ← '【緊急再起動】あなたはworker5です。エラー監視システムが停滞を検出しました。即座に以下を実行: 1) 現在の作業状況確認 2) 未完了作業の緊急完了 3) 完了ファイル作成 4) boss1への緊急報告'
✅ 送信完了: [dentalsystem] worker5 に '【緊急再起動】あなたはworker5です。エラー監視システムが停滞を検出しました。即座に以下を実行: 1) 現在の作業状況確認 2) 未完了作業の緊急完了 3) 完了ファイル作成 4) boss1への緊急報告'
📤 送信中: dentalsystem_multiagent:0.0 ← '【緊急報告】エラー監視システムが5名のWorker停滞を検出。緊急再指示を実施しました。停滞Workers: 1 2 3 4 5。即座にステータス確認と対応をお願いします。'
✅ 送信完了: [dentalsystem] boss1 に '【緊急報告】エラー監視システムが5名のWorker停滞を検出。緊急再指示を実施しました。停滞Workers: 1 2 3 4 5。即座にステータス確認と対応をお願いします。'
📤 送信中: dentalsystem_president ← '【緊急対応完了】エラー監視システム問題調査・対応完了。停滞Worker5名に緊急再指示実施。システム安定性確保のため継続監視中です。'
✅ 送信完了: [dentalsystem] president に '【緊急対応完了】エラー監視システム問題調査・対応完了。停滞Worker5名に緊急再指示実施。システム安定性確保のため継続監視中です。'
=== 緊急対応完了 ===
停滞Worker数: 5
再指示送信完了: Mon Jun 30 00:36:49 JST 2025
[0;33m次回チェック: 5分後[0m
停止: Ctrl+C

[0;33m[2025-06-30 00:41:49] 監視実行中...[0m
[0;34m=== システム状況 ===[0m
稼働Workers: 0/5
停滞Workers: 5/5
Worker詳細: Worker1:未起動 Worker2:未起動 Worker3:未起動 Worker4:未起動 Worker5:未起動 
エラー数(1時間):       12
エラー数(24時間):       12
Redis: 正常
PostgreSQL: 正常
CPU使用率: 20.30%
[0;31mアラート: CRITICAL - Worker大量停滞(5/5)[0m
[0;31m緊急対応実行中...[0m
=== 緊急Worker再起動実行 ===
プロジェクト: dentalsystem
実行時刻: 2025-06-30 00:41:51
Worker1: 停滞中
Worker2: 停滞中
Worker3: 停滞中
Worker4: 停滞中
Worker5: 停滞中
Worker1に緊急再指示送信中...
📤 送信中: dentalsystem_multiagent:0.1 ← '【緊急再起動】あなたはworker1です。エラー監視システムが停滞を検出しました。即座に以下を実行: 1) 現在の作業状況確認 2) 未完了作業の緊急完了 3) 完了ファイル作成 4) boss1への緊急報告'
✅ 送信完了: [dentalsystem] worker1 に '【緊急再起動】あなたはworker1です。エラー監視システムが停滞を検出しました。即座に以下を実行: 1) 現在の作業状況確認 2) 未完了作業の緊急完了 3) 完了ファイル作成 4) boss1への緊急報告'
Worker2に緊急再指示送信中...
📤 送信中: dentalsystem_multiagent:0.2 ← '【緊急再起動】あなたはworker2です。エラー監視システムが停滞を検出しました。即座に以下を実行: 1) 現在の作業状況確認 2) 未完了作業の緊急完了 3) 完了ファイル作成 4) boss1への緊急報告'
✅ 送信完了: [dentalsystem] worker2 に '【緊急再起動】あなたはworker2です。エラー監視システムが停滞を検出しました。即座に以下を実行: 1) 現在の作業状況確認 2) 未完了作業の緊急完了 3) 完了ファイル作成 4) boss1への緊急報告'
Worker3に緊急再指示送信中...
📤 送信中: dentalsystem_multiagent:0.3 ← '【緊急再起動】あなたはworker3です。エラー監視システムが停滞を検出しました。即座に以下を実行: 1) 現在の作業状況確認 2) 未完了作業の緊急完了 3) 完了ファイル作成 4) boss1への緊急報告'
✅ 送信完了: [dentalsystem] worker3 に '【緊急再起動】あなたはworker3です。エラー監視システムが停滞を検出しました。即座に以下を実行: 1) 現在の作業状況確認 2) 未完了作業の緊急完了 3) 完了ファイル作成 4) boss1への緊急報告'
Worker4に緊急再指示送信中...
📤 送信中: dentalsystem_multiagent:0.4 ← '【緊急再起動】あなたはworker4です。エラー監視システムが停滞を検出しました。即座に以下を実行: 1) 現在の作業状況確認 2) 未完了作業の緊急完了 3) 完了ファイル作成 4) boss1への緊急報告'
✅ 送信完了: [dentalsystem] worker4 に '【緊急再起動】あなたはworker4です。エラー監視システムが停滞を検出しました。即座に以下を実行: 1) 現在の作業状況確認 2) 未完了作業の緊急完了 3) 完了ファイル作成 4) boss1への緊急報告'
Worker5に緊急再指示送信中...
📤 送信中: dentalsystem_multiagent:0.5 ← '【緊急再起動】あなたはworker5です。エラー監視システムが停滞を検出しました。即座に以下を実行: 1) 現在の作業状況確認 2) 未完了作業の緊急完了 3) 完了ファイル作成 4) boss1への緊急報告'
✅ 送信完了: [dentalsystem] worker5 に '【緊急再起動】あなたはworker5です。エラー監視システムが停滞を検出しました。即座に以下を実行: 1) 現在の作業状況確認 2) 未完了作業の緊急完了 3) 完了ファイル作成 4) boss1への緊急報告'
📤 送信中: dentalsystem_multiagent:0.0 ← '【緊急報告】エラー監視システムが5名のWorker停滞を検出。緊急再指示を実施しました。停滞Workers: 1 2 3 4 5。即座にステータス確認と対応をお願いします。'
✅ 送信完了: [dentalsystem] boss1 に '【緊急報告】エラー監視システムが5名のWorker停滞を検出。緊急再指示を実施しました。停滞Workers: 1 2 3 4 5。即座にステータス確認と対応をお願いします。'
📤 送信中: dentalsystem_president ← '【緊急対応完了】エラー監視システム問題調査・対応完了。停滞Worker5名に緊急再指示実施。システム安定性確保のため継続監視中です。'
✅ 送信完了: [dentalsystem] president に '【緊急対応完了】エラー監視システム問題調査・対応完了。停滞Worker5名に緊急再指示実施。システム安定性確保のため継続監視中です。'
=== 緊急対応完了 ===
停滞Worker数: 5
再指示送信完了: Mon Jun 30 00:41:59 JST 2025
[0;33m次回チェック: 5分後[0m
停止: Ctrl+C

[0;33m[2025-06-30 00:46:59] 監視実行中...[0m
[0;34m=== システム状況 ===[0m
稼働Workers: 0/5
停滞Workers: 5/5
Worker詳細: Worker1:未起動 Worker2:未起動 Worker3:未起動 Worker4:未起動 Worker5:未起動 
エラー数(1時間):       13
エラー数(24時間):       13
Redis: 正常
PostgreSQL: 正常
CPU使用率: 22.63%
[0;31mアラート: CRITICAL - Worker大量停滞(5/5)[0m
[0;31m緊急対応実行中...[0m
=== 緊急Worker再起動実行 ===
プロジェクト: dentalsystem
実行時刻: 2025-06-30 00:47:01
Worker1: 停滞中
Worker2: 停滞中
Worker3: 停滞中
Worker4: 停滞中
Worker5: 停滞中
Worker1に緊急再指示送信中...
📤 送信中: dentalsystem_multiagent:0.1 ← '【緊急再起動】あなたはworker1です。エラー監視システムが停滞を検出しました。即座に以下を実行: 1) 現在の作業状況確認 2) 未完了作業の緊急完了 3) 完了ファイル作成 4) boss1への緊急報告'
✅ 送信完了: [dentalsystem] worker1 に '【緊急再起動】あなたはworker1です。エラー監視システムが停滞を検出しました。即座に以下を実行: 1) 現在の作業状況確認 2) 未完了作業の緊急完了 3) 完了ファイル作成 4) boss1への緊急報告'
Worker2に緊急再指示送信中...
📤 送信中: dentalsystem_multiagent:0.2 ← '【緊急再起動】あなたはworker2です。エラー監視システムが停滞を検出しました。即座に以下を実行: 1) 現在の作業状況確認 2) 未完了作業の緊急完了 3) 完了ファイル作成 4) boss1への緊急報告'
✅ 送信完了: [dentalsystem] worker2 に '【緊急再起動】あなたはworker2です。エラー監視システムが停滞を検出しました。即座に以下を実行: 1) 現在の作業状況確認 2) 未完了作業の緊急完了 3) 完了ファイル作成 4) boss1への緊急報告'
Worker3に緊急再指示送信中...
📤 送信中: dentalsystem_multiagent:0.3 ← '【緊急再起動】あなたはworker3です。エラー監視システムが停滞を検出しました。即座に以下を実行: 1) 現在の作業状況確認 2) 未完了作業の緊急完了 3) 完了ファイル作成 4) boss1への緊急報告'
✅ 送信完了: [dentalsystem] worker3 に '【緊急再起動】あなたはworker3です。エラー監視システムが停滞を検出しました。即座に以下を実行: 1) 現在の作業状況確認 2) 未完了作業の緊急完了 3) 完了ファイル作成 4) boss1への緊急報告'
Worker4に緊急再指示送信中...
📤 送信中: dentalsystem_multiagent:0.4 ← '【緊急再起動】あなたはworker4です。エラー監視システムが停滞を検出しました。即座に以下を実行: 1) 現在の作業状況確認 2) 未完了作業の緊急完了 3) 完了ファイル作成 4) boss1への緊急報告'
✅ 送信完了: [dentalsystem] worker4 に '【緊急再起動】あなたはworker4です。エラー監視システムが停滞を検出しました。即座に以下を実行: 1) 現在の作業状況確認 2) 未完了作業の緊急完了 3) 完了ファイル作成 4) boss1への緊急報告'
Worker5に緊急再指示送信中...
📤 送信中: dentalsystem_multiagent:0.5 ← '【緊急再起動】あなたはworker5です。エラー監視システムが停滞を検出しました。即座に以下を実行: 1) 現在の作業状況確認 2) 未完了作業の緊急完了 3) 完了ファイル作成 4) boss1への緊急報告'
✅ 送信完了: [dentalsystem] worker5 に '【緊急再起動】あなたはworker5です。エラー監視システムが停滞を検出しました。即座に以下を実行: 1) 現在の作業状況確認 2) 未完了作業の緊急完了 3) 完了ファイル作成 4) boss1への緊急報告'
📤 送信中: dentalsystem_multiagent:0.0 ← '【緊急報告】エラー監視システムが5名のWorker停滞を検出。緊急再指示を実施しました。停滞Workers: 1 2 3 4 5。即座にステータス確認と対応をお願いします。'
✅ 送信完了: [dentalsystem] boss1 に '【緊急報告】エラー監視システムが5名のWorker停滞を検出。緊急再指示を実施しました。停滞Workers: 1 2 3 4 5。即座にステータス確認と対応をお願いします。'
📤 送信中: dentalsystem_president ← '【緊急対応完了】エラー監視システム問題調査・対応完了。停滞Worker5名に緊急再指示実施。システム安定性確保のため継続監視中です。'
✅ 送信完了: [dentalsystem] president に '【緊急対応完了】エラー監視システム問題調査・対応完了。停滞Worker5名に緊急再指示実施。システム安定性確保のため継続監視中です。'
=== 緊急対応完了 ===
停滞Worker数: 5
再指示送信完了: Mon Jun 30 00:47:09 JST 2025
[0;33m次回チェック: 5分後[0m
停止: Ctrl+C

[0;33m[2025-06-30 00:52:09] 監視実行中...[0m
[0;34m=== システム状況 ===[0m
稼働Workers: 0/5
停滞Workers: 5/5
Worker詳細: Worker1:未起動 Worker2:未起動 Worker3:未起動 Worker4:未起動 Worker5:未起動 
エラー数(1時間):       14
エラー数(24時間):       14
Redis: 正常
PostgreSQL: 正常
CPU使用率: 18.72%
[0;31mアラート: CRITICAL - Worker大量停滞(5/5)[0m
[0;31m緊急対応実行中...[0m
=== 緊急Worker再起動実行 ===
プロジェクト: dentalsystem
実行時刻: 2025-06-30 00:52:12
Worker1: 停滞中
Worker2: 停滞中
Worker3: 停滞中
Worker4: 停滞中
Worker5: 停滞中
Worker1に緊急再指示送信中...
📤 送信中: dentalsystem_multiagent:0.1 ← '【緊急再起動】あなたはworker1です。エラー監視システムが停滞を検出しました。即座に以下を実行: 1) 現在の作業状況確認 2) 未完了作業の緊急完了 3) 完了ファイル作成 4) boss1への緊急報告'
✅ 送信完了: [dentalsystem] worker1 に '【緊急再起動】あなたはworker1です。エラー監視システムが停滞を検出しました。即座に以下を実行: 1) 現在の作業状況確認 2) 未完了作業の緊急完了 3) 完了ファイル作成 4) boss1への緊急報告'
Worker2に緊急再指示送信中...
📤 送信中: dentalsystem_multiagent:0.2 ← '【緊急再起動】あなたはworker2です。エラー監視システムが停滞を検出しました。即座に以下を実行: 1) 現在の作業状況確認 2) 未完了作業の緊急完了 3) 完了ファイル作成 4) boss1への緊急報告'
✅ 送信完了: [dentalsystem] worker2 に '【緊急再起動】あなたはworker2です。エラー監視システムが停滞を検出しました。即座に以下を実行: 1) 現在の作業状況確認 2) 未完了作業の緊急完了 3) 完了ファイル作成 4) boss1への緊急報告'
Worker3に緊急再指示送信中...
📤 送信中: dentalsystem_multiagent:0.3 ← '【緊急再起動】あなたはworker3です。エラー監視システムが停滞を検出しました。即座に以下を実行: 1) 現在の作業状況確認 2) 未完了作業の緊急完了 3) 完了ファイル作成 4) boss1への緊急報告'
✅ 送信完了: [dentalsystem] worker3 に '【緊急再起動】あなたはworker3です。エラー監視システムが停滞を検出しました。即座に以下を実行: 1) 現在の作業状況確認 2) 未完了作業の緊急完了 3) 完了ファイル作成 4) boss1への緊急報告'
Worker4に緊急再指示送信中...
📤 送信中: dentalsystem_multiagent:0.4 ← '【緊急再起動】あなたはworker4です。エラー監視システムが停滞を検出しました。即座に以下を実行: 1) 現在の作業状況確認 2) 未完了作業の緊急完了 3) 完了ファイル作成 4) boss1への緊急報告'
✅ 送信完了: [dentalsystem] worker4 に '【緊急再起動】あなたはworker4です。エラー監視システムが停滞を検出しました。即座に以下を実行: 1) 現在の作業状況確認 2) 未完了作業の緊急完了 3) 完了ファイル作成 4) boss1への緊急報告'
Worker5に緊急再指示送信中...
📤 送信中: dentalsystem_multiagent:0.5 ← '【緊急再起動】あなたはworker5です。エラー監視システムが停滞を検出しました。即座に以下を実行: 1) 現在の作業状況確認 2) 未完了作業の緊急完了 3) 完了ファイル作成 4) boss1への緊急報告'
✅ 送信完了: [dentalsystem] worker5 に '【緊急再起動】あなたはworker5です。エラー監視システムが停滞を検出しました。即座に以下を実行: 1) 現在の作業状況確認 2) 未完了作業の緊急完了 3) 完了ファイル作成 4) boss1への緊急報告'
📤 送信中: dentalsystem_multiagent:0.0 ← '【緊急報告】エラー監視システムが5名のWorker停滞を検出。緊急再指示を実施しました。停滞Workers: 1 2 3 4 5。即座にステータス確認と対応をお願いします。'
✅ 送信完了: [dentalsystem] boss1 に '【緊急報告】エラー監視システムが5名のWorker停滞を検出。緊急再指示を実施しました。停滞Workers: 1 2 3 4 5。即座にステータス確認と対応をお願いします。'
📤 送信中: dentalsystem_president ← '【緊急対応完了】エラー監視システム問題調査・対応完了。停滞Worker5名に緊急再指示実施。システム安定性確保のため継続監視中です。'
✅ 送信完了: [dentalsystem] president に '【緊急対応完了】エラー監視システム問題調査・対応完了。停滞Worker5名に緊急再指示実施。システム安定性確保のため継続監視中です。'
=== 緊急対応完了 ===
停滞Worker数: 5
再指示送信完了: Mon Jun 30 00:52:20 JST 2025
[0;33m次回チェック: 5分後[0m
停止: Ctrl+C

[0;33m[2025-06-30 00:57:20] 監視実行中...[0m
[0;34m=== システム状況 ===[0m
稼働Workers: 0/5
停滞Workers: 5/5
Worker詳細: Worker1:未起動 Worker2:未起動 Worker3:未起動 Worker4:未起動 Worker5:未起動 
エラー数(1時間):       15
エラー数(24時間):       15
Redis: 正常
PostgreSQL: 正常
CPU使用率: 20.28%
[0;31mアラート: CRITICAL - Worker大量停滞(5/5)[0m
[0;31m緊急対応実行中...[0m
=== 緊急Worker再起動実行 ===
プロジェクト: dentalsystem
実行時刻: 2025-06-30 00:57:22
Worker1: 停滞中
Worker2: 停滞中
Worker3: 停滞中
Worker4: 停滞中
Worker5: 停滞中
Worker1に緊急再指示送信中...
📤 送信中: dentalsystem_multiagent:0.1 ← '【緊急再起動】あなたはworker1です。エラー監視システムが停滞を検出しました。即座に以下を実行: 1) 現在の作業状況確認 2) 未完了作業の緊急完了 3) 完了ファイル作成 4) boss1への緊急報告'
✅ 送信完了: [dentalsystem] worker1 に '【緊急再起動】あなたはworker1です。エラー監視システムが停滞を検出しました。即座に以下を実行: 1) 現在の作業状況確認 2) 未完了作業の緊急完了 3) 完了ファイル作成 4) boss1への緊急報告'
Worker2に緊急再指示送信中...
📤 送信中: dentalsystem_multiagent:0.2 ← '【緊急再起動】あなたはworker2です。エラー監視システムが停滞を検出しました。即座に以下を実行: 1) 現在の作業状況確認 2) 未完了作業の緊急完了 3) 完了ファイル作成 4) boss1への緊急報告'
✅ 送信完了: [dentalsystem] worker2 に '【緊急再起動】あなたはworker2です。エラー監視システムが停滞を検出しました。即座に以下を実行: 1) 現在の作業状況確認 2) 未完了作業の緊急完了 3) 完了ファイル作成 4) boss1への緊急報告'
Worker3に緊急再指示送信中...
📤 送信中: dentalsystem_multiagent:0.3 ← '【緊急再起動】あなたはworker3です。エラー監視システムが停滞を検出しました。即座に以下を実行: 1) 現在の作業状況確認 2) 未完了作業の緊急完了 3) 完了ファイル作成 4) boss1への緊急報告'
✅ 送信完了: [dentalsystem] worker3 に '【緊急再起動】あなたはworker3です。エラー監視システムが停滞を検出しました。即座に以下を実行: 1) 現在の作業状況確認 2) 未完了作業の緊急完了 3) 完了ファイル作成 4) boss1への緊急報告'
Worker4に緊急再指示送信中...
📤 送信中: dentalsystem_multiagent:0.4 ← '【緊急再起動】あなたはworker4です。エラー監視システムが停滞を検出しました。即座に以下を実行: 1) 現在の作業状況確認 2) 未完了作業の緊急完了 3) 完了ファイル作成 4) boss1への緊急報告'
✅ 送信完了: [dentalsystem] worker4 に '【緊急再起動】あなたはworker4です。エラー監視システムが停滞を検出しました。即座に以下を実行: 1) 現在の作業状況確認 2) 未完了作業の緊急完了 3) 完了ファイル作成 4) boss1への緊急報告'
Worker5に緊急再指示送信中...
📤 送信中: dentalsystem_multiagent:0.5 ← '【緊急再起動】あなたはworker5です。エラー監視システムが停滞を検出しました。即座に以下を実行: 1) 現在の作業状況確認 2) 未完了作業の緊急完了 3) 完了ファイル作成 4) boss1への緊急報告'
✅ 送信完了: [dentalsystem] worker5 に '【緊急再起動】あなたはworker5です。エラー監視システムが停滞を検出しました。即座に以下を実行: 1) 現在の作業状況確認 2) 未完了作業の緊急完了 3) 完了ファイル作成 4) boss1への緊急報告'
📤 送信中: dentalsystem_multiagent:0.0 ← '【緊急報告】エラー監視システムが5名のWorker停滞を検出。緊急再指示を実施しました。停滞Workers: 1 2 3 4 5。即座にステータス確認と対応をお願いします。'
✅ 送信完了: [dentalsystem] boss1 に '【緊急報告】エラー監視システムが5名のWorker停滞を検出。緊急再指示を実施しました。停滞Workers: 1 2 3 4 5。即座にステータス確認と対応をお願いします。'
📤 送信中: dentalsystem_president ← '【緊急対応完了】エラー監視システム問題調査・対応完了。停滞Worker5名に緊急再指示実施。システム安定性確保のため継続監視中です。'
✅ 送信完了: [dentalsystem] president に '【緊急対応完了】エラー監視システム問題調査・対応完了。停滞Worker5名に緊急再指示実施。システム安定性確保のため継続監視中です。'
=== 緊急対応完了 ===
停滞Worker数: 5
再指示送信完了: Mon Jun 30 00:57:30 JST 2025
[0;33m次回チェック: 5分後[0m
停止: Ctrl+C

[0;33m[2025-06-30 01:02:30] 監視実行中...[0m
[0;34m=== システム状況 ===[0m
稼働Workers: 0/5
停滞Workers: 5/5
Worker詳細: Worker1:未起動 Worker2:未起動 Worker3:未起動 Worker4:未起動 Worker5:未起動 
エラー数(1時間):        0
エラー数(24時間):       16
Redis: 正常
PostgreSQL: 正常
CPU使用率: 23.70%
[0;31mアラート: CRITICAL - Worker大量停滞(5/5)[0m
[0;31m緊急対応実行中...[0m
=== 緊急Worker再起動実行 ===
プロジェクト: dentalsystem
実行時刻: 2025-06-30 01:02:32
Worker1: 停滞中
Worker2: 停滞中
Worker3: 停滞中
Worker4: 停滞中
Worker5: 停滞中
Worker1に緊急再指示送信中...
📤 送信中: dentalsystem_multiagent:0.1 ← '【緊急再起動】あなたはworker1です。エラー監視システムが停滞を検出しました。即座に以下を実行: 1) 現在の作業状況確認 2) 未完了作業の緊急完了 3) 完了ファイル作成 4) boss1への緊急報告'
✅ 送信完了: [dentalsystem] worker1 に '【緊急再起動】あなたはworker1です。エラー監視システムが停滞を検出しました。即座に以下を実行: 1) 現在の作業状況確認 2) 未完了作業の緊急完了 3) 完了ファイル作成 4) boss1への緊急報告'
Worker2に緊急再指示送信中...
📤 送信中: dentalsystem_multiagent:0.2 ← '【緊急再起動】あなたはworker2です。エラー監視システムが停滞を検出しました。即座に以下を実行: 1) 現在の作業状況確認 2) 未完了作業の緊急完了 3) 完了ファイル作成 4) boss1への緊急報告'
✅ 送信完了: [dentalsystem] worker2 に '【緊急再起動】あなたはworker2です。エラー監視システムが停滞を検出しました。即座に以下を実行: 1) 現在の作業状況確認 2) 未完了作業の緊急完了 3) 完了ファイル作成 4) boss1への緊急報告'
Worker3に緊急再指示送信中...
📤 送信中: dentalsystem_multiagent:0.3 ← '【緊急再起動】あなたはworker3です。エラー監視システムが停滞を検出しました。即座に以下を実行: 1) 現在の作業状況確認 2) 未完了作業の緊急完了 3) 完了ファイル作成 4) boss1への緊急報告'
✅ 送信完了: [dentalsystem] worker3 に '【緊急再起動】あなたはworker3です。エラー監視システムが停滞を検出しました。即座に以下を実行: 1) 現在の作業状況確認 2) 未完了作業の緊急完了 3) 完了ファイル作成 4) boss1への緊急報告'
Worker4に緊急再指示送信中...
📤 送信中: dentalsystem_multiagent:0.4 ← '【緊急再起動】あなたはworker4です。エラー監視システムが停滞を検出しました。即座に以下を実行: 1) 現在の作業状況確認 2) 未完了作業の緊急完了 3) 完了ファイル作成 4) boss1への緊急報告'
✅ 送信完了: [dentalsystem] worker4 に '【緊急再起動】あなたはworker4です。エラー監視システムが停滞を検出しました。即座に以下を実行: 1) 現在の作業状況確認 2) 未完了作業の緊急完了 3) 完了ファイル作成 4) boss1への緊急報告'
Worker5に緊急再指示送信中...
📤 送信中: dentalsystem_multiagent:0.5 ← '【緊急再起動】あなたはworker5です。エラー監視システムが停滞を検出しました。即座に以下を実行: 1) 現在の作業状況確認 2) 未完了作業の緊急完了 3) 完了ファイル作成 4) boss1への緊急報告'
✅ 送信完了: [dentalsystem] worker5 に '【緊急再起動】あなたはworker5です。エラー監視システムが停滞を検出しました。即座に以下を実行: 1) 現在の作業状況確認 2) 未完了作業の緊急完了 3) 完了ファイル作成 4) boss1への緊急報告'
📤 送信中: dentalsystem_multiagent:0.0 ← '【緊急報告】エラー監視システムが5名のWorker停滞を検出。緊急再指示を実施しました。停滞Workers: 1 2 3 4 5。即座にステータス確認と対応をお願いします。'
✅ 送信完了: [dentalsystem] boss1 に '【緊急報告】エラー監視システムが5名のWorker停滞を検出。緊急再指示を実施しました。停滞Workers: 1 2 3 4 5。即座にステータス確認と対応をお願いします。'
📤 送信中: dentalsystem_president ← '【緊急対応完了】エラー監視システム問題調査・対応完了。停滞Worker5名に緊急再指示実施。システム安定性確保のため継続監視中です。'
✅ 送信完了: [dentalsystem] president に '【緊急対応完了】エラー監視システム問題調査・対応完了。停滞Worker5名に緊急再指示実施。システム安定性確保のため継続監視中です。'
=== 緊急対応完了 ===
停滞Worker数: 5
再指示送信完了: Mon Jun 30 01:02:40 JST 2025
[0;33m次回チェック: 5分後[0m
停止: Ctrl+C

[0;33m[2025-06-30 01:07:40] 監視実行中...[0m
[0;34m=== システム状況 ===[0m
稼働Workers: 0/5
停滞Workers: 5/5
Worker詳細: Worker1:未起動 Worker2:未起動 Worker3:未起動 Worker4:未起動 Worker5:未起動 
エラー数(1時間):        1
エラー数(24時間):       17
Redis: 正常
PostgreSQL: 正常
CPU使用率: 22.94%
[0;31mアラート: CRITICAL - Worker大量停滞(5/5)[0m
[0;31m緊急対応実行中...[0m
=== 緊急Worker再起動実行 ===
プロジェクト: dentalsystem
実行時刻: 2025-06-30 01:07:43
Worker1: 停滞中
Worker2: 停滞中
Worker3: 停滞中
Worker4: 停滞中
Worker5: 停滞中
Worker1に緊急再指示送信中...
📤 送信中: dentalsystem_multiagent:0.1 ← '【緊急再起動】あなたはworker1です。エラー監視システムが停滞を検出しました。即座に以下を実行: 1) 現在の作業状況確認 2) 未完了作業の緊急完了 3) 完了ファイル作成 4) boss1への緊急報告'
✅ 送信完了: [dentalsystem] worker1 に '【緊急再起動】あなたはworker1です。エラー監視システムが停滞を検出しました。即座に以下を実行: 1) 現在の作業状況確認 2) 未完了作業の緊急完了 3) 完了ファイル作成 4) boss1への緊急報告'
Worker2に緊急再指示送信中...
📤 送信中: dentalsystem_multiagent:0.2 ← '【緊急再起動】あなたはworker2です。エラー監視システムが停滞を検出しました。即座に以下を実行: 1) 現在の作業状況確認 2) 未完了作業の緊急完了 3) 完了ファイル作成 4) boss1への緊急報告'
✅ 送信完了: [dentalsystem] worker2 に '【緊急再起動】あなたはworker2です。エラー監視システムが停滞を検出しました。即座に以下を実行: 1) 現在の作業状況確認 2) 未完了作業の緊急完了 3) 完了ファイル作成 4) boss1への緊急報告'
Worker3に緊急再指示送信中...
📤 送信中: dentalsystem_multiagent:0.3 ← '【緊急再起動】あなたはworker3です。エラー監視システムが停滞を検出しました。即座に以下を実行: 1) 現在の作業状況確認 2) 未完了作業の緊急完了 3) 完了ファイル作成 4) boss1への緊急報告'
✅ 送信完了: [dentalsystem] worker3 に '【緊急再起動】あなたはworker3です。エラー監視システムが停滞を検出しました。即座に以下を実行: 1) 現在の作業状況確認 2) 未完了作業の緊急完了 3) 完了ファイル作成 4) boss1への緊急報告'
Worker4に緊急再指示送信中...
📤 送信中: dentalsystem_multiagent:0.4 ← '【緊急再起動】あなたはworker4です。エラー監視システムが停滞を検出しました。即座に以下を実行: 1) 現在の作業状況確認 2) 未完了作業の緊急完了 3) 完了ファイル作成 4) boss1への緊急報告'
✅ 送信完了: [dentalsystem] worker4 に '【緊急再起動】あなたはworker4です。エラー監視システムが停滞を検出しました。即座に以下を実行: 1) 現在の作業状況確認 2) 未完了作業の緊急完了 3) 完了ファイル作成 4) boss1への緊急報告'
Worker5に緊急再指示送信中...
📤 送信中: dentalsystem_multiagent:0.5 ← '【緊急再起動】あなたはworker5です。エラー監視システムが停滞を検出しました。即座に以下を実行: 1) 現在の作業状況確認 2) 未完了作業の緊急完了 3) 完了ファイル作成 4) boss1への緊急報告'
✅ 送信完了: [dentalsystem] worker5 に '【緊急再起動】あなたはworker5です。エラー監視システムが停滞を検出しました。即座に以下を実行: 1) 現在の作業状況確認 2) 未完了作業の緊急完了 3) 完了ファイル作成 4) boss1への緊急報告'
📤 送信中: dentalsystem_multiagent:0.0 ← '【緊急報告】エラー監視システムが5名のWorker停滞を検出。緊急再指示を実施しました。停滞Workers: 1 2 3 4 5。即座にステータス確認と対応をお願いします。'
✅ 送信完了: [dentalsystem] boss1 に '【緊急報告】エラー監視システムが5名のWorker停滞を検出。緊急再指示を実施しました。停滞Workers: 1 2 3 4 5。即座にステータス確認と対応をお願いします。'
📤 送信中: dentalsystem_president ← '【緊急対応完了】エラー監視システム問題調査・対応完了。停滞Worker5名に緊急再指示実施。システム安定性確保のため継続監視中です。'
✅ 送信完了: [dentalsystem] president に '【緊急対応完了】エラー監視システム問題調査・対応完了。停滞Worker5名に緊急再指示実施。システム安定性確保のため継続監視中です。'
=== 緊急対応完了 ===
停滞Worker数: 5
再指示送信完了: Mon Jun 30 01:07:51 JST 2025
[0;33m次回チェック: 5分後[0m
停止: Ctrl+C

[0;33m[2025-06-30 01:12:51] 監視実行中...[0m
[0;34m=== システム状況 ===[0m
稼働Workers: 0/5
停滞Workers: 5/5
Worker詳細: Worker1:未起動 Worker2:未起動 Worker3:未起動 Worker4:未起動 Worker5:未起動 
エラー数(1時間):        2
エラー数(24時間):       18
Redis: 正常
PostgreSQL: 正常
CPU使用率: 27.3%
[0;31mアラート: CRITICAL - Worker大量停滞(5/5)[0m
[0;31m緊急対応実行中...[0m
=== 緊急Worker再起動実行 ===
プロジェクト: dentalsystem
実行時刻: 2025-06-30 01:12:53
Worker1: 停滞中
Worker2: 停滞中
Worker3: 停滞中
Worker4: 停滞中
Worker5: 停滞中
Worker1に緊急再指示送信中...
📤 送信中: dentalsystem_multiagent:0.1 ← '【緊急再起動】あなたはworker1です。エラー監視システムが停滞を検出しました。即座に以下を実行: 1) 現在の作業状況確認 2) 未完了作業の緊急完了 3) 完了ファイル作成 4) boss1への緊急報告'
✅ 送信完了: [dentalsystem] worker1 に '【緊急再起動】あなたはworker1です。エラー監視システムが停滞を検出しました。即座に以下を実行: 1) 現在の作業状況確認 2) 未完了作業の緊急完了 3) 完了ファイル作成 4) boss1への緊急報告'
Worker2に緊急再指示送信中...
📤 送信中: dentalsystem_multiagent:0.2 ← '【緊急再起動】あなたはworker2です。エラー監視システムが停滞を検出しました。即座に以下を実行: 1) 現在の作業状況確認 2) 未完了作業の緊急完了 3) 完了ファイル作成 4) boss1への緊急報告'
✅ 送信完了: [dentalsystem] worker2 に '【緊急再起動】あなたはworker2です。エラー監視システムが停滞を検出しました。即座に以下を実行: 1) 現在の作業状況確認 2) 未完了作業の緊急完了 3) 完了ファイル作成 4) boss1への緊急報告'
Worker3に緊急再指示送信中...
📤 送信中: dentalsystem_multiagent:0.3 ← '【緊急再起動】あなたはworker3です。エラー監視システムが停滞を検出しました。即座に以下を実行: 1) 現在の作業状況確認 2) 未完了作業の緊急完了 3) 完了ファイル作成 4) boss1への緊急報告'
✅ 送信完了: [dentalsystem] worker3 に '【緊急再起動】あなたはworker3です。エラー監視システムが停滞を検出しました。即座に以下を実行: 1) 現在の作業状況確認 2) 未完了作業の緊急完了 3) 完了ファイル作成 4) boss1への緊急報告'
Worker4に緊急再指示送信中...
📤 送信中: dentalsystem_multiagent:0.4 ← '【緊急再起動】あなたはworker4です。エラー監視システムが停滞を検出しました。即座に以下を実行: 1) 現在の作業状況確認 2) 未完了作業の緊急完了 3) 完了ファイル作成 4) boss1への緊急報告'
✅ 送信完了: [dentalsystem] worker4 に '【緊急再起動】あなたはworker4です。エラー監視システムが停滞を検出しました。即座に以下を実行: 1) 現在の作業状況確認 2) 未完了作業の緊急完了 3) 完了ファイル作成 4) boss1への緊急報告'
Worker5に緊急再指示送信中...
📤 送信中: dentalsystem_multiagent:0.5 ← '【緊急再起動】あなたはworker5です。エラー監視システムが停滞を検出しました。即座に以下を実行: 1) 現在の作業状況確認 2) 未完了作業の緊急完了 3) 完了ファイル作成 4) boss1への緊急報告'
✅ 送信完了: [dentalsystem] worker5 に '【緊急再起動】あなたはworker5です。エラー監視システムが停滞を検出しました。即座に以下を実行: 1) 現在の作業状況確認 2) 未完了作業の緊急完了 3) 完了ファイル作成 4) boss1への緊急報告'
📤 送信中: dentalsystem_multiagent:0.0 ← '【緊急報告】エラー監視システムが5名のWorker停滞を検出。緊急再指示を実施しました。停滞Workers: 1 2 3 4 5。即座にステータス確認と対応をお願いします。'
✅ 送信完了: [dentalsystem] boss1 に '【緊急報告】エラー監視システムが5名のWorker停滞を検出。緊急再指示を実施しました。停滞Workers: 1 2 3 4 5。即座にステータス確認と対応をお願いします。'
📤 送信中: dentalsystem_president ← '【緊急対応完了】エラー監視システム問題調査・対応完了。停滞Worker5名に緊急再指示実施。システム安定性確保のため継続監視中です。'
✅ 送信完了: [dentalsystem] president に '【緊急対応完了】エラー監視システム問題調査・対応完了。停滞Worker5名に緊急再指示実施。システム安定性確保のため継続監視中です。'
=== 緊急対応完了 ===
停滞Worker数: 5
再指示送信完了: Mon Jun 30 01:13:01 JST 2025
[0;33m次回チェック: 5分後[0m
停止: Ctrl+C

[0;33m[2025-06-30 01:18:01] 監視実行中...[0m
[0;34m=== システム状況 ===[0m
稼働Workers: 0/5
停滞Workers: 5/5
Worker詳細: Worker1:未起動 Worker2:未起動 Worker3:未起動 Worker4:未起動 Worker5:未起動 
エラー数(1時間):        3
エラー数(24時間):       19
Redis: 正常
PostgreSQL: 正常
CPU使用率: 22.31%
[0;31mアラート: CRITICAL - Worker大量停滞(5/5)[0m
[0;31m緊急対応実行中...[0m
=== 緊急Worker再起動実行 ===
プロジェクト: dentalsystem
実行時刻: 2025-06-30 01:18:03
Worker1: 停滞中
Worker2: 停滞中
Worker3: 停滞中
Worker4: 停滞中
Worker5: 停滞中
Worker1に緊急再指示送信中...
📤 送信中: dentalsystem_multiagent:0.1 ← '【緊急再起動】あなたはworker1です。エラー監視システムが停滞を検出しました。即座に以下を実行: 1) 現在の作業状況確認 2) 未完了作業の緊急完了 3) 完了ファイル作成 4) boss1への緊急報告'
✅ 送信完了: [dentalsystem] worker1 に '【緊急再起動】あなたはworker1です。エラー監視システムが停滞を検出しました。即座に以下を実行: 1) 現在の作業状況確認 2) 未完了作業の緊急完了 3) 完了ファイル作成 4) boss1への緊急報告'
Worker2に緊急再指示送信中...
📤 送信中: dentalsystem_multiagent:0.2 ← '【緊急再起動】あなたはworker2です。エラー監視システムが停滞を検出しました。即座に以下を実行: 1) 現在の作業状況確認 2) 未完了作業の緊急完了 3) 完了ファイル作成 4) boss1への緊急報告'
✅ 送信完了: [dentalsystem] worker2 に '【緊急再起動】あなたはworker2です。エラー監視システムが停滞を検出しました。即座に以下を実行: 1) 現在の作業状況確認 2) 未完了作業の緊急完了 3) 完了ファイル作成 4) boss1への緊急報告'
Worker3に緊急再指示送信中...
📤 送信中: dentalsystem_multiagent:0.3 ← '【緊急再起動】あなたはworker3です。エラー監視システムが停滞を検出しました。即座に以下を実行: 1) 現在の作業状況確認 2) 未完了作業の緊急完了 3) 完了ファイル作成 4) boss1への緊急報告'
✅ 送信完了: [dentalsystem] worker3 に '【緊急再起動】あなたはworker3です。エラー監視システムが停滞を検出しました。即座に以下を実行: 1) 現在の作業状況確認 2) 未完了作業の緊急完了 3) 完了ファイル作成 4) boss1への緊急報告'
Worker4に緊急再指示送信中...
📤 送信中: dentalsystem_multiagent:0.4 ← '【緊急再起動】あなたはworker4です。エラー監視システムが停滞を検出しました。即座に以下を実行: 1) 現在の作業状況確認 2) 未完了作業の緊急完了 3) 完了ファイル作成 4) boss1への緊急報告'
✅ 送信完了: [dentalsystem] worker4 に '【緊急再起動】あなたはworker4です。エラー監視システムが停滞を検出しました。即座に以下を実行: 1) 現在の作業状況確認 2) 未完了作業の緊急完了 3) 完了ファイル作成 4) boss1への緊急報告'
Worker5に緊急再指示送信中...
📤 送信中: dentalsystem_multiagent:0.5 ← '【緊急再起動】あなたはworker5です。エラー監視システムが停滞を検出しました。即座に以下を実行: 1) 現在の作業状況確認 2) 未完了作業の緊急完了 3) 完了ファイル作成 4) boss1への緊急報告'
✅ 送信完了: [dentalsystem] worker5 に '【緊急再起動】あなたはworker5です。エラー監視システムが停滞を検出しました。即座に以下を実行: 1) 現在の作業状況確認 2) 未完了作業の緊急完了 3) 完了ファイル作成 4) boss1への緊急報告'
📤 送信中: dentalsystem_multiagent:0.0 ← '【緊急報告】エラー監視システムが5名のWorker停滞を検出。緊急再指示を実施しました。停滞Workers: 1 2 3 4 5。即座にステータス確認と対応をお願いします。'
✅ 送信完了: [dentalsystem] boss1 に '【緊急報告】エラー監視システムが5名のWorker停滞を検出。緊急再指示を実施しました。停滞Workers: 1 2 3 4 5。即座にステータス確認と対応をお願いします。'
📤 送信中: dentalsystem_president ← '【緊急対応完了】エラー監視システム問題調査・対応完了。停滞Worker5名に緊急再指示実施。システム安定性確保のため継続監視中です。'
✅ 送信完了: [dentalsystem] president に '【緊急対応完了】エラー監視システム問題調査・対応完了。停滞Worker5名に緊急再指示実施。システム安定性確保のため継続監視中です。'
=== 緊急対応完了 ===
停滞Worker数: 5
再指示送信完了: Mon Jun 30 01:18:11 JST 2025
[0;33m次回チェック: 5分後[0m
停止: Ctrl+C

[0;33m[2025-06-30 01:23:12] 監視実行中...[0m
[0;34m=== システム状況 ===[0m
稼働Workers: 0/5
停滞Workers: 5/5
Worker詳細: Worker1:未起動 Worker2:未起動 Worker3:未起動 Worker4:未起動 Worker5:未起動 
エラー数(1時間):        4
エラー数(24時間):       20
Redis: 正常
PostgreSQL: 正常
CPU使用率: 23.53%
[0;31mアラート: CRITICAL - Worker大量停滞(5/5)[0m
[0;31m緊急対応実行中...[0m
=== 緊急Worker再起動実行 ===
プロジェクト: dentalsystem
実行時刻: 2025-06-30 01:23:14
Worker1: 停滞中
Worker2: 停滞中
Worker3: 停滞中
Worker4: 停滞中
Worker5: 停滞中
Worker1に緊急再指示送信中...
📤 送信中: dentalsystem_multiagent:0.1 ← '【緊急再起動】あなたはworker1です。エラー監視システムが停滞を検出しました。即座に以下を実行: 1) 現在の作業状況確認 2) 未完了作業の緊急完了 3) 完了ファイル作成 4) boss1への緊急報告'
✅ 送信完了: [dentalsystem] worker1 に '【緊急再起動】あなたはworker1です。エラー監視システムが停滞を検出しました。即座に以下を実行: 1) 現在の作業状況確認 2) 未完了作業の緊急完了 3) 完了ファイル作成 4) boss1への緊急報告'
Worker2に緊急再指示送信中...
📤 送信中: dentalsystem_multiagent:0.2 ← '【緊急再起動】あなたはworker2です。エラー監視システムが停滞を検出しました。即座に以下を実行: 1) 現在の作業状況確認 2) 未完了作業の緊急完了 3) 完了ファイル作成 4) boss1への緊急報告'
✅ 送信完了: [dentalsystem] worker2 に '【緊急再起動】あなたはworker2です。エラー監視システムが停滞を検出しました。即座に以下を実行: 1) 現在の作業状況確認 2) 未完了作業の緊急完了 3) 完了ファイル作成 4) boss1への緊急報告'
Worker3に緊急再指示送信中...
📤 送信中: dentalsystem_multiagent:0.3 ← '【緊急再起動】あなたはworker3です。エラー監視システムが停滞を検出しました。即座に以下を実行: 1) 現在の作業状況確認 2) 未完了作業の緊急完了 3) 完了ファイル作成 4) boss1への緊急報告'
✅ 送信完了: [dentalsystem] worker3 に '【緊急再起動】あなたはworker3です。エラー監視システムが停滞を検出しました。即座に以下を実行: 1) 現在の作業状況確認 2) 未完了作業の緊急完了 3) 完了ファイル作成 4) boss1への緊急報告'
Worker4に緊急再指示送信中...
📤 送信中: dentalsystem_multiagent:0.4 ← '【緊急再起動】あなたはworker4です。エラー監視システムが停滞を検出しました。即座に以下を実行: 1) 現在の作業状況確認 2) 未完了作業の緊急完了 3) 完了ファイル作成 4) boss1への緊急報告'
✅ 送信完了: [dentalsystem] worker4 に '【緊急再起動】あなたはworker4です。エラー監視システムが停滞を検出しました。即座に以下を実行: 1) 現在の作業状況確認 2) 未完了作業の緊急完了 3) 完了ファイル作成 4) boss1への緊急報告'
Worker5に緊急再指示送信中...
📤 送信中: dentalsystem_multiagent:0.5 ← '【緊急再起動】あなたはworker5です。エラー監視システムが停滞を検出しました。即座に以下を実行: 1) 現在の作業状況確認 2) 未完了作業の緊急完了 3) 完了ファイル作成 4) boss1への緊急報告'
✅ 送信完了: [dentalsystem] worker5 に '【緊急再起動】あなたはworker5です。エラー監視システムが停滞を検出しました。即座に以下を実行: 1) 現在の作業状況確認 2) 未完了作業の緊急完了 3) 完了ファイル作成 4) boss1への緊急報告'
📤 送信中: dentalsystem_multiagent:0.0 ← '【緊急報告】エラー監視システムが5名のWorker停滞を検出。緊急再指示を実施しました。停滞Workers: 1 2 3 4 5。即座にステータス確認と対応をお願いします。'
✅ 送信完了: [dentalsystem] boss1 に '【緊急報告】エラー監視システムが5名のWorker停滞を検出。緊急再指示を実施しました。停滞Workers: 1 2 3 4 5。即座にステータス確認と対応をお願いします。'
📤 送信中: dentalsystem_president ← '【緊急対応完了】エラー監視システム問題調査・対応完了。停滞Worker5名に緊急再指示実施。システム安定性確保のため継続監視中です。'
✅ 送信完了: [dentalsystem] president に '【緊急対応完了】エラー監視システム問題調査・対応完了。停滞Worker5名に緊急再指示実施。システム安定性確保のため継続監視中です。'
=== 緊急対応完了 ===
停滞Worker数: 5
再指示送信完了: Mon Jun 30 01:23:22 JST 2025
[0;33m次回チェック: 5分後[0m
停止: Ctrl+C

[0;33m[2025-06-30 01:28:22] 監視実行中...[0m
[0;34m=== システム状況 ===[0m
稼働Workers: 0/5
停滞Workers: 5/5
Worker詳細: Worker1:未起動 Worker2:未起動 Worker3:未起動 Worker4:未起動 Worker5:未起動 
エラー数(1時間):        5
エラー数(24時間):       21
Redis: 正常
PostgreSQL: 正常
CPU使用率: 24.22%
[0;31mアラート: CRITICAL - Worker大量停滞(5/5)[0m
[0;31m緊急対応実行中...[0m
=== 緊急Worker再起動実行 ===
プロジェクト: dentalsystem
実行時刻: 2025-06-30 01:28:24
Worker1: 停滞中
Worker2: 停滞中
Worker3: 停滞中
Worker4: 停滞中
Worker5: 停滞中
Worker1に緊急再指示送信中...
📤 送信中: dentalsystem_multiagent:0.1 ← '【緊急再起動】あなたはworker1です。エラー監視システムが停滞を検出しました。即座に以下を実行: 1) 現在の作業状況確認 2) 未完了作業の緊急完了 3) 完了ファイル作成 4) boss1への緊急報告'
✅ 送信完了: [dentalsystem] worker1 に '【緊急再起動】あなたはworker1です。エラー監視システムが停滞を検出しました。即座に以下を実行: 1) 現在の作業状況確認 2) 未完了作業の緊急完了 3) 完了ファイル作成 4) boss1への緊急報告'
Worker2に緊急再指示送信中...
📤 送信中: dentalsystem_multiagent:0.2 ← '【緊急再起動】あなたはworker2です。エラー監視システムが停滞を検出しました。即座に以下を実行: 1) 現在の作業状況確認 2) 未完了作業の緊急完了 3) 完了ファイル作成 4) boss1への緊急報告'
✅ 送信完了: [dentalsystem] worker2 に '【緊急再起動】あなたはworker2です。エラー監視システムが停滞を検出しました。即座に以下を実行: 1) 現在の作業状況確認 2) 未完了作業の緊急完了 3) 完了ファイル作成 4) boss1への緊急報告'
Worker3に緊急再指示送信中...
📤 送信中: dentalsystem_multiagent:0.3 ← '【緊急再起動】あなたはworker3です。エラー監視システムが停滞を検出しました。即座に以下を実行: 1) 現在の作業状況確認 2) 未完了作業の緊急完了 3) 完了ファイル作成 4) boss1への緊急報告'
✅ 送信完了: [dentalsystem] worker3 に '【緊急再起動】あなたはworker3です。エラー監視システムが停滞を検出しました。即座に以下を実行: 1) 現在の作業状況確認 2) 未完了作業の緊急完了 3) 完了ファイル作成 4) boss1への緊急報告'
Worker4に緊急再指示送信中...
📤 送信中: dentalsystem_multiagent:0.4 ← '【緊急再起動】あなたはworker4です。エラー監視システムが停滞を検出しました。即座に以下を実行: 1) 現在の作業状況確認 2) 未完了作業の緊急完了 3) 完了ファイル作成 4) boss1への緊急報告'
✅ 送信完了: [dentalsystem] worker4 に '【緊急再起動】あなたはworker4です。エラー監視システムが停滞を検出しました。即座に以下を実行: 1) 現在の作業状況確認 2) 未完了作業の緊急完了 3) 完了ファイル作成 4) boss1への緊急報告'
Worker5に緊急再指示送信中...
📤 送信中: dentalsystem_multiagent:0.5 ← '【緊急再起動】あなたはworker5です。エラー監視システムが停滞を検出しました。即座に以下を実行: 1) 現在の作業状況確認 2) 未完了作業の緊急完了 3) 完了ファイル作成 4) boss1への緊急報告'
✅ 送信完了: [dentalsystem] worker5 に '【緊急再起動】あなたはworker5です。エラー監視システムが停滞を検出しました。即座に以下を実行: 1) 現在の作業状況確認 2) 未完了作業の緊急完了 3) 完了ファイル作成 4) boss1への緊急報告'
📤 送信中: dentalsystem_multiagent:0.0 ← '【緊急報告】エラー監視システムが5名のWorker停滞を検出。緊急再指示を実施しました。停滞Workers: 1 2 3 4 5。即座にステータス確認と対応をお願いします。'
✅ 送信完了: [dentalsystem] boss1 に '【緊急報告】エラー監視システムが5名のWorker停滞を検出。緊急再指示を実施しました。停滞Workers: 1 2 3 4 5。即座にステータス確認と対応をお願いします。'
📤 送信中: dentalsystem_president ← '【緊急対応完了】エラー監視システム問題調査・対応完了。停滞Worker5名に緊急再指示実施。システム安定性確保のため継続監視中です。'
✅ 送信完了: [dentalsystem] president に '【緊急対応完了】エラー監視システム問題調査・対応完了。停滞Worker5名に緊急再指示実施。システム安定性確保のため継続監視中です。'
=== 緊急対応完了 ===
停滞Worker数: 5
再指示送信完了: Mon Jun 30 01:28:32 JST 2025
[0;33m次回チェック: 5分後[0m
停止: Ctrl+C

[0;33m[2025-06-30 01:33:32] 監視実行中...[0m
[0;34m=== システム状況 ===[0m
稼働Workers: 0/5
停滞Workers: 5/5
Worker詳細: Worker1:未起動 Worker2:未起動 Worker3:未起動 Worker4:未起動 Worker5:未起動 
エラー数(1時間):        6
エラー数(24時間):       22
Redis: 正常
PostgreSQL: 正常
CPU使用率: 24.11%
[0;31mアラート: CRITICAL - Worker大量停滞(5/5)[0m
[0;31m緊急対応実行中...[0m
=== 緊急Worker再起動実行 ===
プロジェクト: dentalsystem
実行時刻: 2025-06-30 01:33:34
Worker1: 停滞中
Worker2: 停滞中
Worker3: 停滞中
Worker4: 停滞中
Worker5: 停滞中
Worker1に緊急再指示送信中...
📤 送信中: dentalsystem_multiagent:0.1 ← '【緊急再起動】あなたはworker1です。エラー監視システムが停滞を検出しました。即座に以下を実行: 1) 現在の作業状況確認 2) 未完了作業の緊急完了 3) 完了ファイル作成 4) boss1への緊急報告'
✅ 送信完了: [dentalsystem] worker1 に '【緊急再起動】あなたはworker1です。エラー監視システムが停滞を検出しました。即座に以下を実行: 1) 現在の作業状況確認 2) 未完了作業の緊急完了 3) 完了ファイル作成 4) boss1への緊急報告'
Worker2に緊急再指示送信中...
📤 送信中: dentalsystem_multiagent:0.2 ← '【緊急再起動】あなたはworker2です。エラー監視システムが停滞を検出しました。即座に以下を実行: 1) 現在の作業状況確認 2) 未完了作業の緊急完了 3) 完了ファイル作成 4) boss1への緊急報告'
✅ 送信完了: [dentalsystem] worker2 に '【緊急再起動】あなたはworker2です。エラー監視システムが停滞を検出しました。即座に以下を実行: 1) 現在の作業状況確認 2) 未完了作業の緊急完了 3) 完了ファイル作成 4) boss1への緊急報告'
Worker3に緊急再指示送信中...
📤 送信中: dentalsystem_multiagent:0.3 ← '【緊急再起動】あなたはworker3です。エラー監視システムが停滞を検出しました。即座に以下を実行: 1) 現在の作業状況確認 2) 未完了作業の緊急完了 3) 完了ファイル作成 4) boss1への緊急報告'
✅ 送信完了: [dentalsystem] worker3 に '【緊急再起動】あなたはworker3です。エラー監視システムが停滞を検出しました。即座に以下を実行: 1) 現在の作業状況確認 2) 未完了作業の緊急完了 3) 完了ファイル作成 4) boss1への緊急報告'
Worker4に緊急再指示送信中...
📤 送信中: dentalsystem_multiagent:0.4 ← '【緊急再起動】あなたはworker4です。エラー監視システムが停滞を検出しました。即座に以下を実行: 1) 現在の作業状況確認 2) 未完了作業の緊急完了 3) 完了ファイル作成 4) boss1への緊急報告'
✅ 送信完了: [dentalsystem] worker4 に '【緊急再起動】あなたはworker4です。エラー監視システムが停滞を検出しました。即座に以下を実行: 1) 現在の作業状況確認 2) 未完了作業の緊急完了 3) 完了ファイル作成 4) boss1への緊急報告'
Worker5に緊急再指示送信中...
📤 送信中: dentalsystem_multiagent:0.5 ← '【緊急再起動】あなたはworker5です。エラー監視システムが停滞を検出しました。即座に以下を実行: 1) 現在の作業状況確認 2) 未完了作業の緊急完了 3) 完了ファイル作成 4) boss1への緊急報告'
✅ 送信完了: [dentalsystem] worker5 に '【緊急再起動】あなたはworker5です。エラー監視システムが停滞を検出しました。即座に以下を実行: 1) 現在の作業状況確認 2) 未完了作業の緊急完了 3) 完了ファイル作成 4) boss1への緊急報告'
📤 送信中: dentalsystem_multiagent:0.0 ← '【緊急報告】エラー監視システムが5名のWorker停滞を検出。緊急再指示を実施しました。停滞Workers: 1 2 3 4 5。即座にステータス確認と対応をお願いします。'
✅ 送信完了: [dentalsystem] boss1 に '【緊急報告】エラー監視システムが5名のWorker停滞を検出。緊急再指示を実施しました。停滞Workers: 1 2 3 4 5。即座にステータス確認と対応をお願いします。'
📤 送信中: dentalsystem_president ← '【緊急対応完了】エラー監視システム問題調査・対応完了。停滞Worker5名に緊急再指示実施。システム安定性確保のため継続監視中です。'
✅ 送信完了: [dentalsystem] president に '【緊急対応完了】エラー監視システム問題調査・対応完了。停滞Worker5名に緊急再指示実施。システム安定性確保のため継続監視中です。'
=== 緊急対応完了 ===
停滞Worker数: 5
再指示送信完了: Mon Jun 30 01:33:42 JST 2025
[0;33m次回チェック: 5分後[0m
停止: Ctrl+C

[0;33m[2025-06-30 01:38:42] 監視実行中...[0m
[0;34m=== システム状況 ===[0m
稼働Workers: 0/5
停滞Workers: 5/5
Worker詳細: Worker1:未起動 Worker2:未起動 Worker3:未起動 Worker4:未起動 Worker5:未起動 
エラー数(1時間):        7
エラー数(24時間):       23
Redis: 正常
PostgreSQL: 正常
CPU使用率: 23.18%
[0;31mアラート: CRITICAL - Worker大量停滞(5/5)[0m
[0;31m緊急対応実行中...[0m
=== 緊急Worker再起動実行 ===
プロジェクト: dentalsystem
実行時刻: 2025-06-30 01:38:45
Worker1: 停滞中
Worker2: 停滞中
Worker3: 停滞中
Worker4: 停滞中
Worker5: 停滞中
Worker1に緊急再指示送信中...
📤 送信中: dentalsystem_multiagent:0.1 ← '【緊急再起動】あなたはworker1です。エラー監視システムが停滞を検出しました。即座に以下を実行: 1) 現在の作業状況確認 2) 未完了作業の緊急完了 3) 完了ファイル作成 4) boss1への緊急報告'
✅ 送信完了: [dentalsystem] worker1 に '【緊急再起動】あなたはworker1です。エラー監視システムが停滞を検出しました。即座に以下を実行: 1) 現在の作業状況確認 2) 未完了作業の緊急完了 3) 完了ファイル作成 4) boss1への緊急報告'
Worker2に緊急再指示送信中...
📤 送信中: dentalsystem_multiagent:0.2 ← '【緊急再起動】あなたはworker2です。エラー監視システムが停滞を検出しました。即座に以下を実行: 1) 現在の作業状況確認 2) 未完了作業の緊急完了 3) 完了ファイル作成 4) boss1への緊急報告'
✅ 送信完了: [dentalsystem] worker2 に '【緊急再起動】あなたはworker2です。エラー監視システムが停滞を検出しました。即座に以下を実行: 1) 現在の作業状況確認 2) 未完了作業の緊急完了 3) 完了ファイル作成 4) boss1への緊急報告'
Worker3に緊急再指示送信中...
📤 送信中: dentalsystem_multiagent:0.3 ← '【緊急再起動】あなたはworker3です。エラー監視システムが停滞を検出しました。即座に以下を実行: 1) 現在の作業状況確認 2) 未完了作業の緊急完了 3) 完了ファイル作成 4) boss1への緊急報告'
✅ 送信完了: [dentalsystem] worker3 に '【緊急再起動】あなたはworker3です。エラー監視システムが停滞を検出しました。即座に以下を実行: 1) 現在の作業状況確認 2) 未完了作業の緊急完了 3) 完了ファイル作成 4) boss1への緊急報告'
Worker4に緊急再指示送信中...
📤 送信中: dentalsystem_multiagent:0.4 ← '【緊急再起動】あなたはworker4です。エラー監視システムが停滞を検出しました。即座に以下を実行: 1) 現在の作業状況確認 2) 未完了作業の緊急完了 3) 完了ファイル作成 4) boss1への緊急報告'
✅ 送信完了: [dentalsystem] worker4 に '【緊急再起動】あなたはworker4です。エラー監視システムが停滞を検出しました。即座に以下を実行: 1) 現在の作業状況確認 2) 未完了作業の緊急完了 3) 完了ファイル作成 4) boss1への緊急報告'
Worker5に緊急再指示送信中...
📤 送信中: dentalsystem_multiagent:0.5 ← '【緊急再起動】あなたはworker5です。エラー監視システムが停滞を検出しました。即座に以下を実行: 1) 現在の作業状況確認 2) 未完了作業の緊急完了 3) 完了ファイル作成 4) boss1への緊急報告'
✅ 送信完了: [dentalsystem] worker5 に '【緊急再起動】あなたはworker5です。エラー監視システムが停滞を検出しました。即座に以下を実行: 1) 現在の作業状況確認 2) 未完了作業の緊急完了 3) 完了ファイル作成 4) boss1への緊急報告'
📤 送信中: dentalsystem_multiagent:0.0 ← '【緊急報告】エラー監視システムが5名のWorker停滞を検出。緊急再指示を実施しました。停滞Workers: 1 2 3 4 5。即座にステータス確認と対応をお願いします。'
✅ 送信完了: [dentalsystem] boss1 に '【緊急報告】エラー監視システムが5名のWorker停滞を検出。緊急再指示を実施しました。停滞Workers: 1 2 3 4 5。即座にステータス確認と対応をお願いします。'
📤 送信中: dentalsystem_president ← '【緊急対応完了】エラー監視システム問題調査・対応完了。停滞Worker5名に緊急再指示実施。システム安定性確保のため継続監視中です。'
✅ 送信完了: [dentalsystem] president に '【緊急対応完了】エラー監視システム問題調査・対応完了。停滞Worker5名に緊急再指示実施。システム安定性確保のため継続監視中です。'
=== 緊急対応完了 ===
停滞Worker数: 5
再指示送信完了: Mon Jun 30 01:38:53 JST 2025
[0;33m次回チェック: 5分後[0m
停止: Ctrl+C

[0;33m[2025-06-30 01:43:53] 監視実行中...[0m
[0;34m=== システム状況 ===[0m
稼働Workers: 0/5
停滞Workers: 5/5
Worker詳細: Worker1:未起動 Worker2:未起動 Worker3:未起動 Worker4:未起動 Worker5:未起動 
エラー数(1時間):        8
エラー数(24時間):       24
Redis: 正常
PostgreSQL: 正常
CPU使用率: 24.28%
[0;31mアラート: CRITICAL - Worker大量停滞(5/5)[0m
[0;31m緊急対応実行中...[0m
=== 緊急Worker再起動実行 ===
プロジェクト: dentalsystem
実行時刻: 2025-06-30 01:43:55
Worker1: 停滞中
Worker2: 停滞中
Worker3: 停滞中
Worker4: 停滞中
Worker5: 停滞中
Worker1に緊急再指示送信中...
📤 送信中: dentalsystem_multiagent:0.1 ← '【緊急再起動】あなたはworker1です。エラー監視システムが停滞を検出しました。即座に以下を実行: 1) 現在の作業状況確認 2) 未完了作業の緊急完了 3) 完了ファイル作成 4) boss1への緊急報告'
✅ 送信完了: [dentalsystem] worker1 に '【緊急再起動】あなたはworker1です。エラー監視システムが停滞を検出しました。即座に以下を実行: 1) 現在の作業状況確認 2) 未完了作業の緊急完了 3) 完了ファイル作成 4) boss1への緊急報告'
Worker2に緊急再指示送信中...
📤 送信中: dentalsystem_multiagent:0.2 ← '【緊急再起動】あなたはworker2です。エラー監視システムが停滞を検出しました。即座に以下を実行: 1) 現在の作業状況確認 2) 未完了作業の緊急完了 3) 完了ファイル作成 4) boss1への緊急報告'
✅ 送信完了: [dentalsystem] worker2 に '【緊急再起動】あなたはworker2です。エラー監視システムが停滞を検出しました。即座に以下を実行: 1) 現在の作業状況確認 2) 未完了作業の緊急完了 3) 完了ファイル作成 4) boss1への緊急報告'
Worker3に緊急再指示送信中...
📤 送信中: dentalsystem_multiagent:0.3 ← '【緊急再起動】あなたはworker3です。エラー監視システムが停滞を検出しました。即座に以下を実行: 1) 現在の作業状況確認 2) 未完了作業の緊急完了 3) 完了ファイル作成 4) boss1への緊急報告'
✅ 送信完了: [dentalsystem] worker3 に '【緊急再起動】あなたはworker3です。エラー監視システムが停滞を検出しました。即座に以下を実行: 1) 現在の作業状況確認 2) 未完了作業の緊急完了 3) 完了ファイル作成 4) boss1への緊急報告'
Worker4に緊急再指示送信中...
📤 送信中: dentalsystem_multiagent:0.4 ← '【緊急再起動】あなたはworker4です。エラー監視システムが停滞を検出しました。即座に以下を実行: 1) 現在の作業状況確認 2) 未完了作業の緊急完了 3) 完了ファイル作成 4) boss1への緊急報告'
✅ 送信完了: [dentalsystem] worker4 に '【緊急再起動】あなたはworker4です。エラー監視システムが停滞を検出しました。即座に以下を実行: 1) 現在の作業状況確認 2) 未完了作業の緊急完了 3) 完了ファイル作成 4) boss1への緊急報告'
Worker5に緊急再指示送信中...
📤 送信中: dentalsystem_multiagent:0.5 ← '【緊急再起動】あなたはworker5です。エラー監視システムが停滞を検出しました。即座に以下を実行: 1) 現在の作業状況確認 2) 未完了作業の緊急完了 3) 完了ファイル作成 4) boss1への緊急報告'
✅ 送信完了: [dentalsystem] worker5 に '【緊急再起動】あなたはworker5です。エラー監視システムが停滞を検出しました。即座に以下を実行: 1) 現在の作業状況確認 2) 未完了作業の緊急完了 3) 完了ファイル作成 4) boss1への緊急報告'
📤 送信中: dentalsystem_multiagent:0.0 ← '【緊急報告】エラー監視システムが5名のWorker停滞を検出。緊急再指示を実施しました。停滞Workers: 1 2 3 4 5。即座にステータス確認と対応をお願いします。'
✅ 送信完了: [dentalsystem] boss1 に '【緊急報告】エラー監視システムが5名のWorker停滞を検出。緊急再指示を実施しました。停滞Workers: 1 2 3 4 5。即座にステータス確認と対応をお願いします。'
📤 送信中: dentalsystem_president ← '【緊急対応完了】エラー監視システム問題調査・対応完了。停滞Worker5名に緊急再指示実施。システム安定性確保のため継続監視中です。'
✅ 送信完了: [dentalsystem] president に '【緊急対応完了】エラー監視システム問題調査・対応完了。停滞Worker5名に緊急再指示実施。システム安定性確保のため継続監視中です。'
=== 緊急対応完了 ===
停滞Worker数: 5
再指示送信完了: Mon Jun 30 01:44:03 JST 2025
[0;33m次回チェック: 5分後[0m
停止: Ctrl+C

[0;33m[2025-06-30 01:49:03] 監視実行中...[0m
[0;34m=== システム状況 ===[0m
稼働Workers: 0/5
停滞Workers: 5/5
Worker詳細: Worker1:未起動 Worker2:未起動 Worker3:未起動 Worker4:未起動 Worker5:未起動 
エラー数(1時間):        9
エラー数(24時間):       25
Redis: 正常
PostgreSQL: 正常
CPU使用率: 36.52%
[0;31mアラート: CRITICAL - Worker大量停滞(5/5)[0m
[0;31m緊急対応実行中...[0m
=== 緊急Worker再起動実行 ===
プロジェクト: dentalsystem
実行時刻: 2025-06-30 01:49:06
Worker1: 停滞中
Worker2: 停滞中
Worker3: 停滞中
Worker4: 停滞中
Worker5: 停滞中
Worker1に緊急再指示送信中...
📤 送信中: dentalsystem_multiagent:0.1 ← '【緊急再起動】あなたはworker1です。エラー監視システムが停滞を検出しました。即座に以下を実行: 1) 現在の作業状況確認 2) 未完了作業の緊急完了 3) 完了ファイル作成 4) boss1への緊急報告'
✅ 送信完了: [dentalsystem] worker1 に '【緊急再起動】あなたはworker1です。エラー監視システムが停滞を検出しました。即座に以下を実行: 1) 現在の作業状況確認 2) 未完了作業の緊急完了 3) 完了ファイル作成 4) boss1への緊急報告'
Worker2に緊急再指示送信中...
📤 送信中: dentalsystem_multiagent:0.2 ← '【緊急再起動】あなたはworker2です。エラー監視システムが停滞を検出しました。即座に以下を実行: 1) 現在の作業状況確認 2) 未完了作業の緊急完了 3) 完了ファイル作成 4) boss1への緊急報告'
✅ 送信完了: [dentalsystem] worker2 に '【緊急再起動】あなたはworker2です。エラー監視システムが停滞を検出しました。即座に以下を実行: 1) 現在の作業状況確認 2) 未完了作業の緊急完了 3) 完了ファイル作成 4) boss1への緊急報告'
Worker3に緊急再指示送信中...
📤 送信中: dentalsystem_multiagent:0.3 ← '【緊急再起動】あなたはworker3です。エラー監視システムが停滞を検出しました。即座に以下を実行: 1) 現在の作業状況確認 2) 未完了作業の緊急完了 3) 完了ファイル作成 4) boss1への緊急報告'
✅ 送信完了: [dentalsystem] worker3 に '【緊急再起動】あなたはworker3です。エラー監視システムが停滞を検出しました。即座に以下を実行: 1) 現在の作業状況確認 2) 未完了作業の緊急完了 3) 完了ファイル作成 4) boss1への緊急報告'
Worker4に緊急再指示送信中...
📤 送信中: dentalsystem_multiagent:0.4 ← '【緊急再起動】あなたはworker4です。エラー監視システムが停滞を検出しました。即座に以下を実行: 1) 現在の作業状況確認 2) 未完了作業の緊急完了 3) 完了ファイル作成 4) boss1への緊急報告'
✅ 送信完了: [dentalsystem] worker4 に '【緊急再起動】あなたはworker4です。エラー監視システムが停滞を検出しました。即座に以下を実行: 1) 現在の作業状況確認 2) 未完了作業の緊急完了 3) 完了ファイル作成 4) boss1への緊急報告'
Worker5に緊急再指示送信中...
📤 送信中: dentalsystem_multiagent:0.5 ← '【緊急再起動】あなたはworker5です。エラー監視システムが停滞を検出しました。即座に以下を実行: 1) 現在の作業状況確認 2) 未完了作業の緊急完了 3) 完了ファイル作成 4) boss1への緊急報告'
✅ 送信完了: [dentalsystem] worker5 に '【緊急再起動】あなたはworker5です。エラー監視システムが停滞を検出しました。即座に以下を実行: 1) 現在の作業状況確認 2) 未完了作業の緊急完了 3) 完了ファイル作成 4) boss1への緊急報告'
📤 送信中: dentalsystem_multiagent:0.0 ← '【緊急報告】エラー監視システムが5名のWorker停滞を検出。緊急再指示を実施しました。停滞Workers: 1 2 3 4 5。即座にステータス確認と対応をお願いします。'
✅ 送信完了: [dentalsystem] boss1 に '【緊急報告】エラー監視システムが5名のWorker停滞を検出。緊急再指示を実施しました。停滞Workers: 1 2 3 4 5。即座にステータス確認と対応をお願いします。'
📤 送信中: dentalsystem_president ← '【緊急対応完了】エラー監視システム問題調査・対応完了。停滞Worker5名に緊急再指示実施。システム安定性確保のため継続監視中です。'
✅ 送信完了: [dentalsystem] president に '【緊急対応完了】エラー監視システム問題調査・対応完了。停滞Worker5名に緊急再指示実施。システム安定性確保のため継続監視中です。'
=== 緊急対応完了 ===
停滞Worker数: 5
再指示送信完了: Mon Jun 30 01:49:14 JST 2025
[0;33m次回チェック: 5分後[0m
停止: Ctrl+C

[0;33m[2025-06-30 01:54:14] 監視実行中...[0m
[0;34m=== システム状況 ===[0m
稼働Workers: 0/5
停滞Workers: 5/5
Worker詳細: Worker1:未起動 Worker2:未起動 Worker3:未起動 Worker4:未起動 Worker5:未起動 
エラー数(1時間):       10
エラー数(24時間):       26
Redis: 正常
PostgreSQL: 正常
CPU使用率: 17.11%
[0;31mアラート: CRITICAL - Worker大量停滞(5/5)[0m
[0;31m緊急対応実行中...[0m
=== 緊急Worker再起動実行 ===
プロジェクト: dentalsystem
実行時刻: 2025-06-30 01:54:16
Worker1: 停滞中
Worker2: 停滞中
Worker3: 停滞中
Worker4: 停滞中
Worker5: 停滞中
Worker1に緊急再指示送信中...
📤 送信中: dentalsystem_multiagent:0.1 ← '【緊急再起動】あなたはworker1です。エラー監視システムが停滞を検出しました。即座に以下を実行: 1) 現在の作業状況確認 2) 未完了作業の緊急完了 3) 完了ファイル作成 4) boss1への緊急報告'
✅ 送信完了: [dentalsystem] worker1 に '【緊急再起動】あなたはworker1です。エラー監視システムが停滞を検出しました。即座に以下を実行: 1) 現在の作業状況確認 2) 未完了作業の緊急完了 3) 完了ファイル作成 4) boss1への緊急報告'
Worker2に緊急再指示送信中...
📤 送信中: dentalsystem_multiagent:0.2 ← '【緊急再起動】あなたはworker2です。エラー監視システムが停滞を検出しました。即座に以下を実行: 1) 現在の作業状況確認 2) 未完了作業の緊急完了 3) 完了ファイル作成 4) boss1への緊急報告'
✅ 送信完了: [dentalsystem] worker2 に '【緊急再起動】あなたはworker2です。エラー監視システムが停滞を検出しました。即座に以下を実行: 1) 現在の作業状況確認 2) 未完了作業の緊急完了 3) 完了ファイル作成 4) boss1への緊急報告'
Worker3に緊急再指示送信中...
📤 送信中: dentalsystem_multiagent:0.3 ← '【緊急再起動】あなたはworker3です。エラー監視システムが停滞を検出しました。即座に以下を実行: 1) 現在の作業状況確認 2) 未完了作業の緊急完了 3) 完了ファイル作成 4) boss1への緊急報告'
✅ 送信完了: [dentalsystem] worker3 に '【緊急再起動】あなたはworker3です。エラー監視システムが停滞を検出しました。即座に以下を実行: 1) 現在の作業状況確認 2) 未完了作業の緊急完了 3) 完了ファイル作成 4) boss1への緊急報告'
Worker4に緊急再指示送信中...
📤 送信中: dentalsystem_multiagent:0.4 ← '【緊急再起動】あなたはworker4です。エラー監視システムが停滞を検出しました。即座に以下を実行: 1) 現在の作業状況確認 2) 未完了作業の緊急完了 3) 完了ファイル作成 4) boss1への緊急報告'
✅ 送信完了: [dentalsystem] worker4 に '【緊急再起動】あなたはworker4です。エラー監視システムが停滞を検出しました。即座に以下を実行: 1) 現在の作業状況確認 2) 未完了作業の緊急完了 3) 完了ファイル作成 4) boss1への緊急報告'
Worker5に緊急再指示送信中...
📤 送信中: dentalsystem_multiagent:0.5 ← '【緊急再起動】あなたはworker5です。エラー監視システムが停滞を検出しました。即座に以下を実行: 1) 現在の作業状況確認 2) 未完了作業の緊急完了 3) 完了ファイル作成 4) boss1への緊急報告'
✅ 送信完了: [dentalsystem] worker5 に '【緊急再起動】あなたはworker5です。エラー監視システムが停滞を検出しました。即座に以下を実行: 1) 現在の作業状況確認 2) 未完了作業の緊急完了 3) 完了ファイル作成 4) boss1への緊急報告'
📤 送信中: dentalsystem_multiagent:0.0 ← '【緊急報告】エラー監視システムが5名のWorker停滞を検出。緊急再指示を実施しました。停滞Workers: 1 2 3 4 5。即座にステータス確認と対応をお願いします。'
✅ 送信完了: [dentalsystem] boss1 に '【緊急報告】エラー監視システムが5名のWorker停滞を検出。緊急再指示を実施しました。停滞Workers: 1 2 3 4 5。即座にステータス確認と対応をお願いします。'
📤 送信中: dentalsystem_president ← '【緊急対応完了】エラー監視システム問題調査・対応完了。停滞Worker5名に緊急再指示実施。システム安定性確保のため継続監視中です。'
✅ 送信完了: [dentalsystem] president に '【緊急対応完了】エラー監視システム問題調査・対応完了。停滞Worker5名に緊急再指示実施。システム安定性確保のため継続監視中です。'
=== 緊急対応完了 ===
停滞Worker数: 5
再指示送信完了: Mon Jun 30 01:54:24 JST 2025
[0;33m次回チェック: 5分後[0m
停止: Ctrl+C

[0;33m[2025-06-30 01:59:24] 監視実行中...[0m
[0;34m=== システム状況 ===[0m
稼働Workers: 0/5
停滞Workers: 5/5
Worker詳細: Worker1:未起動 Worker2:未起動 Worker3:未起動 Worker4:未起動 Worker5:未起動 
エラー数(1時間):       11
エラー数(24時間):       27
Redis: 正常
PostgreSQL: 正常
CPU使用率: 9.98%
[0;31mアラート: CRITICAL - Worker大量停滞(5/5)[0m
[0;31m緊急対応実行中...[0m
=== 緊急Worker再起動実行 ===
プロジェクト: dentalsystem
実行時刻: 2025-06-30 01:59:26
Worker1: 停滞中
Worker2: 停滞中
Worker3: 停滞中
Worker4: 停滞中
Worker5: 停滞中
Worker1に緊急再指示送信中...
📤 送信中: dentalsystem_multiagent:0.1 ← '【緊急再起動】あなたはworker1です。エラー監視システムが停滞を検出しました。即座に以下を実行: 1) 現在の作業状況確認 2) 未完了作業の緊急完了 3) 完了ファイル作成 4) boss1への緊急報告'
✅ 送信完了: [dentalsystem] worker1 に '【緊急再起動】あなたはworker1です。エラー監視システムが停滞を検出しました。即座に以下を実行: 1) 現在の作業状況確認 2) 未完了作業の緊急完了 3) 完了ファイル作成 4) boss1への緊急報告'
Worker2に緊急再指示送信中...
📤 送信中: dentalsystem_multiagent:0.2 ← '【緊急再起動】あなたはworker2です。エラー監視システムが停滞を検出しました。即座に以下を実行: 1) 現在の作業状況確認 2) 未完了作業の緊急完了 3) 完了ファイル作成 4) boss1への緊急報告'
✅ 送信完了: [dentalsystem] worker2 に '【緊急再起動】あなたはworker2です。エラー監視システムが停滞を検出しました。即座に以下を実行: 1) 現在の作業状況確認 2) 未完了作業の緊急完了 3) 完了ファイル作成 4) boss1への緊急報告'
Worker3に緊急再指示送信中...
📤 送信中: dentalsystem_multiagent:0.3 ← '【緊急再起動】あなたはworker3です。エラー監視システムが停滞を検出しました。即座に以下を実行: 1) 現在の作業状況確認 2) 未完了作業の緊急完了 3) 完了ファイル作成 4) boss1への緊急報告'
✅ 送信完了: [dentalsystem] worker3 に '【緊急再起動】あなたはworker3です。エラー監視システムが停滞を検出しました。即座に以下を実行: 1) 現在の作業状況確認 2) 未完了作業の緊急完了 3) 完了ファイル作成 4) boss1への緊急報告'
Worker4に緊急再指示送信中...
📤 送信中: dentalsystem_multiagent:0.4 ← '【緊急再起動】あなたはworker4です。エラー監視システムが停滞を検出しました。即座に以下を実行: 1) 現在の作業状況確認 2) 未完了作業の緊急完了 3) 完了ファイル作成 4) boss1への緊急報告'
✅ 送信完了: [dentalsystem] worker4 に '【緊急再起動】あなたはworker4です。エラー監視システムが停滞を検出しました。即座に以下を実行: 1) 現在の作業状況確認 2) 未完了作業の緊急完了 3) 完了ファイル作成 4) boss1への緊急報告'
Worker5に緊急再指示送信中...
📤 送信中: dentalsystem_multiagent:0.5 ← '【緊急再起動】あなたはworker5です。エラー監視システムが停滞を検出しました。即座に以下を実行: 1) 現在の作業状況確認 2) 未完了作業の緊急完了 3) 完了ファイル作成 4) boss1への緊急報告'
✅ 送信完了: [dentalsystem] worker5 に '【緊急再起動】あなたはworker5です。エラー監視システムが停滞を検出しました。即座に以下を実行: 1) 現在の作業状況確認 2) 未完了作業の緊急完了 3) 完了ファイル作成 4) boss1への緊急報告'
📤 送信中: dentalsystem_multiagent:0.0 ← '【緊急報告】エラー監視システムが5名のWorker停滞を検出。緊急再指示を実施しました。停滞Workers: 1 2 3 4 5。即座にステータス確認と対応をお願いします。'
✅ 送信完了: [dentalsystem] boss1 に '【緊急報告】エラー監視システムが5名のWorker停滞を検出。緊急再指示を実施しました。停滞Workers: 1 2 3 4 5。即座にステータス確認と対応をお願いします。'
📤 送信中: dentalsystem_president ← '【緊急対応完了】エラー監視システム問題調査・対応完了。停滞Worker5名に緊急再指示実施。システム安定性確保のため継続監視中です。'
✅ 送信完了: [dentalsystem] president に '【緊急対応完了】エラー監視システム問題調査・対応完了。停滞Worker5名に緊急再指示実施。システム安定性確保のため継続監視中です。'
=== 緊急対応完了 ===
停滞Worker数: 5
再指示送信完了: Mon Jun 30 01:59:34 JST 2025
[0;33m次回チェック: 5分後[0m
停止: Ctrl+C

[0;33m[2025-06-30 02:04:35] 監視実行中...[0m
[0;34m=== システム状況 ===[0m
稼働Workers: 0/5
停滞Workers: 5/5
Worker詳細: Worker1:未起動 Worker2:未起動 Worker3:未起動 Worker4:未起動 Worker5:未起動 
エラー数(1時間):        0
エラー数(24時間):       28
Redis: 正常
PostgreSQL: 正常
CPU使用率: 12.41%
[0;31mアラート: CRITICAL - Worker大量停滞(5/5)[0m
[0;31m緊急対応実行中...[0m
=== 緊急Worker再起動実行 ===
プロジェクト: dentalsystem
実行時刻: 2025-06-30 02:04:37
Worker1: 停滞中
Worker2: 停滞中
Worker3: 停滞中
Worker4: 停滞中
Worker5: 停滞中
Worker1に緊急再指示送信中...
📤 送信中: dentalsystem_multiagent:0.1 ← '【緊急再起動】あなたはworker1です。エラー監視システムが停滞を検出しました。即座に以下を実行: 1) 現在の作業状況確認 2) 未完了作業の緊急完了 3) 完了ファイル作成 4) boss1への緊急報告'
✅ 送信完了: [dentalsystem] worker1 に '【緊急再起動】あなたはworker1です。エラー監視システムが停滞を検出しました。即座に以下を実行: 1) 現在の作業状況確認 2) 未完了作業の緊急完了 3) 完了ファイル作成 4) boss1への緊急報告'
Worker2に緊急再指示送信中...
📤 送信中: dentalsystem_multiagent:0.2 ← '【緊急再起動】あなたはworker2です。エラー監視システムが停滞を検出しました。即座に以下を実行: 1) 現在の作業状況確認 2) 未完了作業の緊急完了 3) 完了ファイル作成 4) boss1への緊急報告'
✅ 送信完了: [dentalsystem] worker2 に '【緊急再起動】あなたはworker2です。エラー監視システムが停滞を検出しました。即座に以下を実行: 1) 現在の作業状況確認 2) 未完了作業の緊急完了 3) 完了ファイル作成 4) boss1への緊急報告'
Worker3に緊急再指示送信中...
📤 送信中: dentalsystem_multiagent:0.3 ← '【緊急再起動】あなたはworker3です。エラー監視システムが停滞を検出しました。即座に以下を実行: 1) 現在の作業状況確認 2) 未完了作業の緊急完了 3) 完了ファイル作成 4) boss1への緊急報告'
✅ 送信完了: [dentalsystem] worker3 に '【緊急再起動】あなたはworker3です。エラー監視システムが停滞を検出しました。即座に以下を実行: 1) 現在の作業状況確認 2) 未完了作業の緊急完了 3) 完了ファイル作成 4) boss1への緊急報告'
Worker4に緊急再指示送信中...
📤 送信中: dentalsystem_multiagent:0.4 ← '【緊急再起動】あなたはworker4です。エラー監視システムが停滞を検出しました。即座に以下を実行: 1) 現在の作業状況確認 2) 未完了作業の緊急完了 3) 完了ファイル作成 4) boss1への緊急報告'
✅ 送信完了: [dentalsystem] worker4 に '【緊急再起動】あなたはworker4です。エラー監視システムが停滞を検出しました。即座に以下を実行: 1) 現在の作業状況確認 2) 未完了作業の緊急完了 3) 完了ファイル作成 4) boss1への緊急報告'
Worker5に緊急再指示送信中...
📤 送信中: dentalsystem_multiagent:0.5 ← '【緊急再起動】あなたはworker5です。エラー監視システムが停滞を検出しました。即座に以下を実行: 1) 現在の作業状況確認 2) 未完了作業の緊急完了 3) 完了ファイル作成 4) boss1への緊急報告'
✅ 送信完了: [dentalsystem] worker5 に '【緊急再起動】あなたはworker5です。エラー監視システムが停滞を検出しました。即座に以下を実行: 1) 現在の作業状況確認 2) 未完了作業の緊急完了 3) 完了ファイル作成 4) boss1への緊急報告'
📤 送信中: dentalsystem_multiagent:0.0 ← '【緊急報告】エラー監視システムが5名のWorker停滞を検出。緊急再指示を実施しました。停滞Workers: 1 2 3 4 5。即座にステータス確認と対応をお願いします。'
✅ 送信完了: [dentalsystem] boss1 に '【緊急報告】エラー監視システムが5名のWorker停滞を検出。緊急再指示を実施しました。停滞Workers: 1 2 3 4 5。即座にステータス確認と対応をお願いします。'
📤 送信中: dentalsystem_president ← '【緊急対応完了】エラー監視システム問題調査・対応完了。停滞Worker5名に緊急再指示実施。システム安定性確保のため継続監視中です。'
✅ 送信完了: [dentalsystem] president に '【緊急対応完了】エラー監視システム問題調査・対応完了。停滞Worker5名に緊急再指示実施。システム安定性確保のため継続監視中です。'
=== 緊急対応完了 ===
停滞Worker数: 5
再指示送信完了: Mon Jun 30 02:04:45 JST 2025
[0;33m次回チェック: 5分後[0m
停止: Ctrl+C

[0;33m[2025-06-30 02:09:45] 監視実行中...[0m
[0;34m=== システム状況 ===[0m
稼働Workers: 0/5
停滞Workers: 5/5
Worker詳細: Worker1:未起動 Worker2:未起動 Worker3:未起動 Worker4:未起動 Worker5:未起動 
エラー数(1時間):        3
エラー数(24時間):       31
Redis: 正常
PostgreSQL: 正常
CPU使用率: 25.34%
[0;31mアラート: CRITICAL - Worker大量停滞(5/5)[0m
[0;31m緊急対応実行中...[0m
=== 緊急Worker再起動実行 ===
プロジェクト: dentalsystem
実行時刻: 2025-06-30 02:09:47
Worker1: 停滞中
Worker2: 停滞中
Worker3: 停滞中
Worker4: 停滞中
Worker5: 停滞中
Worker1に緊急再指示送信中...
📤 送信中: dentalsystem_multiagent:0.1 ← '【緊急再起動】あなたはworker1です。エラー監視システムが停滞を検出しました。即座に以下を実行: 1) 現在の作業状況確認 2) 未完了作業の緊急完了 3) 完了ファイル作成 4) boss1への緊急報告'
✅ 送信完了: [dentalsystem] worker1 に '【緊急再起動】あなたはworker1です。エラー監視システムが停滞を検出しました。即座に以下を実行: 1) 現在の作業状況確認 2) 未完了作業の緊急完了 3) 完了ファイル作成 4) boss1への緊急報告'
Worker2に緊急再指示送信中...
📤 送信中: dentalsystem_multiagent:0.2 ← '【緊急再起動】あなたはworker2です。エラー監視システムが停滞を検出しました。即座に以下を実行: 1) 現在の作業状況確認 2) 未完了作業の緊急完了 3) 完了ファイル作成 4) boss1への緊急報告'
✅ 送信完了: [dentalsystem] worker2 に '【緊急再起動】あなたはworker2です。エラー監視システムが停滞を検出しました。即座に以下を実行: 1) 現在の作業状況確認 2) 未完了作業の緊急完了 3) 完了ファイル作成 4) boss1への緊急報告'
Worker3に緊急再指示送信中...
📤 送信中: dentalsystem_multiagent:0.3 ← '【緊急再起動】あなたはworker3です。エラー監視システムが停滞を検出しました。即座に以下を実行: 1) 現在の作業状況確認 2) 未完了作業の緊急完了 3) 完了ファイル作成 4) boss1への緊急報告'
✅ 送信完了: [dentalsystem] worker3 に '【緊急再起動】あなたはworker3です。エラー監視システムが停滞を検出しました。即座に以下を実行: 1) 現在の作業状況確認 2) 未完了作業の緊急完了 3) 完了ファイル作成 4) boss1への緊急報告'
Worker4に緊急再指示送信中...
📤 送信中: dentalsystem_multiagent:0.4 ← '【緊急再起動】あなたはworker4です。エラー監視システムが停滞を検出しました。即座に以下を実行: 1) 現在の作業状況確認 2) 未完了作業の緊急完了 3) 完了ファイル作成 4) boss1への緊急報告'
✅ 送信完了: [dentalsystem] worker4 に '【緊急再起動】あなたはworker4です。エラー監視システムが停滞を検出しました。即座に以下を実行: 1) 現在の作業状況確認 2) 未完了作業の緊急完了 3) 完了ファイル作成 4) boss1への緊急報告'
Worker5に緊急再指示送信中...
📤 送信中: dentalsystem_multiagent:0.5 ← '【緊急再起動】あなたはworker5です。エラー監視システムが停滞を検出しました。即座に以下を実行: 1) 現在の作業状況確認 2) 未完了作業の緊急完了 3) 完了ファイル作成 4) boss1への緊急報告'
✅ 送信完了: [dentalsystem] worker5 に '【緊急再起動】あなたはworker5です。エラー監視システムが停滞を検出しました。即座に以下を実行: 1) 現在の作業状況確認 2) 未完了作業の緊急完了 3) 完了ファイル作成 4) boss1への緊急報告'
📤 送信中: dentalsystem_multiagent:0.0 ← '【緊急報告】エラー監視システムが5名のWorker停滞を検出。緊急再指示を実施しました。停滞Workers: 1 2 3 4 5。即座にステータス確認と対応をお願いします。'
✅ 送信完了: [dentalsystem] boss1 に '【緊急報告】エラー監視システムが5名のWorker停滞を検出。緊急再指示を実施しました。停滞Workers: 1 2 3 4 5。即座にステータス確認と対応をお願いします。'
📤 送信中: dentalsystem_president ← '【緊急対応完了】エラー監視システム問題調査・対応完了。停滞Worker5名に緊急再指示実施。システム安定性確保のため継続監視中です。'
✅ 送信完了: [dentalsystem] president に '【緊急対応完了】エラー監視システム問題調査・対応完了。停滞Worker5名に緊急再指示実施。システム安定性確保のため継続監視中です。'
=== 緊急対応完了 ===
停滞Worker数: 5
再指示送信完了: Mon Jun 30 02:09:55 JST 2025
[0;33m次回チェック: 5分後[0m
停止: Ctrl+C
